L,g,E_p0,E_p1,E_p2,E_m0,E_m1,E_m2,Mx
   3, 0.00000000000000E+00,-3.00000000000000E+00, 1.00000000000000E+00, 1.00000000000000E+00,-3.00000000000000E+00, 1.00000000000000E+00, 1.00000000000000E+00,-1.00000000000000E+00
   3, 2.18242468765491E-01,-3.03965654184977E+00, 6.03171604318787E-01, 1.21824246876549E+00,-3.03197729289189E+00, 7.81757531234509E-01, 7.81757531234509E-01,-9.93934050391039E-01
   3, 3.71334009759827E-01,-3.12239647243154E+00, 3.79728452911890E-01, 1.37133400975983E+00,-3.08567470537664E+00, 6.28665990240173E-01, 6.28665990240173E-01,-9.81996852726835E-01
   3, 4.83590544643172E-01,-3.21595225078321E+00, 2.48771161496868E-01, 1.48359054464317E+00,-3.13744006144402E+00, 5.16409455356828E-01, 5.16409455356828E-01,-9.69030665310461E-01
   3, 5.69634542146905E-01,-3.30727543653217E+00, 1.68006352238363E-01, 1.56963454214691E+00,-3.18290468827567E+00, 4.30365457853095E-01, 4.30365457853095E-01,-9.56840084646045E-01
   3, 6.38575614518591E-01,-3.39266022016246E+00, 1.15508991125282E-01, 1.63857561451859E+00,-3.22244128859568E+00, 3.61424385481409E-01, 3.61424385481409E-01,-9.45864955632341E-01
   3, 6.96316574356964E-01,-3.47231229210772E+00, 7.96791433937883E-02, 1.69631657435696E+00,-3.25744262102859E+00, 3.03683425643035E-01, 3.03683425643036E-01,-9.36003148182602E-01
   3, 7.46868589480215E-01,-3.54791728451536E+00, 5.41801055549316E-02, 1.74686858948021E+00,-3.28936676334234E+00, 2.53131410519785E-01, 2.53131410519785E-01,-9.26981200039053E-01
   3, 7.93132405742996E-01,-3.62171284673724E+00, 3.54480352512487E-02, 1.79313240574300E+00,-3.31954581005938E+00, 2.06867594257004E-01, 2.06867594257004E-01,-9.18491881265143E-01
   3, 8.37390524073114E-01,-3.69624217574877E+00, 2.14611276025436E-02, 1.83739052407311E+00,-3.34921482575015E+00, 1.62609475926886E-01, 1.62609475926886E-01,-9.10231222280128E-01
   3, 8.81648642403232E-01,-3.77443039025292E+00, 1.11331054464561E-02, 1.88164864240323E+00,-3.37961060583490E+00, 1.18351357596768E-01, 1.18351357596768E-01,-9.01895789452136E-01
   3, 9.27912458666013E-01,-3.85986387863660E+00, 4.03896130457447E-03, 1.92791245866601E+00,-3.41210789433402E+00, 7.20875413339869E-02, 7.20875413339870E-02,-8.93163802250701E-01
   3, 9.78464473789263E-01,-3.95728053666973E+00, 3.51589091201753E-04, 1.97846447378926E+00,-3.44840418447995E+00, 2.15355262107365E-02, 2.15355262107365E-02,-8.83667810620022E-01
   3, 1.00000000000000E+00,-4.00000000000000E+00,-3.98986399474666E-17, 2.00000000000000E+00,-3.46410161513775E+00,-2.76308318282198E-17, 1.59025447146586E-17,-8.79652811254895E-01
   3, 1.03620543362764E+00,-4.07337628267472E+00, 9.65415419444835E-04, 2.03620543362764E+00,-3.49079166549625E+00,-3.62054336276368E-02,-3.62054336276367E-02,-8.72960977804394E-01
   3, 1.10514650599932E+00,-4.21815601257821E+00, 7.86300057956488E-03, 2.10514650599932E+00,-3.54258994595103E+00,-1.05146505999323E-01,-1.05146505999323E-01,-8.60479213759969E-01
   3, 1.19119050350306E+00,-4.40726298619202E+00, 2.48819791859090E-02, 2.19119050350306E+00,-3.60887545336607E+00,-1.91190503503056E-01,-1.91190503503056E-01,-8.45508382352659E-01
   3, 1.30344703838640E+00,-4.66609567370387E+00, 5.92015969310720E-02, 2.30344703838640E+00,-3.69776338860425E+00,-3.03447038386401E-01,-3.03447038386400E-01,-8.27185016660877E-01
   3, 1.45653857938074E+00,-5.03720985162269E+00, 1.24132692861211E-01, 2.45653857938074E+00,-3.82273388803948E+00,-4.56538579380736E-01,-4.56538579380736E-01,-8.04597129241121E-01
   3, 1.67478104814623E+00,-5.59376067197614E+00, 2.44198575683679E-01, 2.67478104814623E+00,-4.00695905885502E+00,-6.74781048146228E-01,-6.74781048146228E-01, 7.77096385373732E-01
   3, 2.00000000000000E+00,-6.46410161513776E+00, 4.64101615137756E-01, 3.00000000000000E+00,-4.29150262212918E+00,-1.00000000000000E+00,-1.00000000000000E+00, 7.44896592234182E-01
   4, 0.00000000000000E+00,-4.00000000000000E+00,-4.68271496503823E-17,-3.13520216622959E-17,-4.00000000000000E+00,-7.93445998415117E-17,-3.74968540009253E-17, 1.00000000000000E+00
   4, 2.18242468765491E-01,-4.04846976555573E+00,-6.09892580826182E-01,-8.49478959025973E-33,-4.04707574376021E+00,-4.36484937530982E-01,-4.36484937530982E-01, 9.93919151697512E-01
   4, 3.71334009759827E-01,-4.14473242918681E+00,-1.01361542969521E+00,-4.28404738523736E-18,-4.13343755175005E+00,-7.42668019519654E-01,-7.42668019519654E-01,-9.81676961798980E-01
   4, 4.83590544643172E-01,-4.25284942449717E+00,-1.28647923047617E+00,-1.01083114977252E-18,-4.22158485308870E+00,-9.67181089286344E-01,-9.67181089286344E-01, 9.67673420601050E-01
   4, 5.69634542146905E-01,-4.35964313147467E+00,-1.47825841851023E+00,-3.93112013630752E-17,-4.30172414646665E+00,-1.13926908429381E+00,-1.13926908429381E+00,-9.53685563068414E-01
   4, 6.38575614518591E-01,-4.46114326852349E+00,-1.61946342503691E+00,-5.28139045664312E-17,-4.37299710531454E+00,-1.27715122903718E+00,-1.27715122903718E+00,-9.40382028587391E-01
   4, 6.96316574356964E-01,-4.55736857662860E+00,-1.72861216134382E+00,-3.53969976548849E-17,-4.43709398400982E+00,-1.39263314871393E+00,-1.39263314871393E+00,-9.27874494836655E-01
   4, 7.46868589480215E-01,-4.65004899400015E+00,-1.81715365135501E+00,-5.19064196511642E-17,-4.49624733546351E+00,-1.49373717896043E+00,-1.49373717896043E+00,-9.16008804622679E-01
   4, 7.93132405742996E-01,-4.74169838043301E+00,-1.89241662369409E+00,-2.53343313687492E-17,-4.55269192268842E+00,-1.58626481148599E+00,-1.58626481148599E+00,-9.04513340750296E-01
   4, 8.37390524073114E-01,-4.83535325991174E+00,-1.95931750586269E+00,-4.68889407053015E-17,-4.60861870713789E+00,-1.67478104814623E+00,-1.67478104814623E+00,-8.93060494149122E-01
   4, 8.81648642403232E-01,-4.93467348267992E+00,-2.02135273462080E+00,-4.60098821810381E-17,-4.66631155617753E+00,-1.76329728480646E+00,-1.76329728480646E+00, 8.81280108842034E-01
   4, 9.27912458666013E-01,-5.04430514860726E+00,-2.08118477384780E+00,-4.64775558548486E-17,-4.72838525941452E+00,-1.85582491733203E+00,-1.85582491733203E+00, 8.68747173723905E-01
   4, 9.78464473789263E-01,-5.17053673060174E+00,-2.14098891659472E+00,-5.44120961074588E-17,-4.79813704201042E+00,-1.95692894757853E+00,-1.95692894757853E+00, 8.54955043788988E-01
   4, 1.00000000000000E+00,-5.22625185950551E+00,-2.16478440058479E+00,-4.96011051280454E-17,-4.82842712474619E+00,-2.00000000000000E+00,-2.00000000000000E+00, 8.49088294607003E-01
   4, 1.03620543362764E+00,-5.32239847526557E+00,-2.20263970756948E+00,-1.21736130049388E-16,-4.88008451312071E+00,-2.07241086725527E+00,-2.07241086725527E+00, 8.39281726980871E-01
   4, 1.10514650599932E+00,-5.51351684883184E+00,-2.26775500290653E+00,-3.83565744378673E-17,-4.98083800279217E+00,-2.21029301199865E+00,-2.21029301199864E+00,-8.20961428488025E-01
   4, 1.19119050350306E+00,-5.76530495322889E+00,-2.33756622290114E+00,-3.92812375509609E-17,-5.11058503541431E+00,-2.38238100700611E+00,-2.38238100700611E+00, 7.99090697837551E-01
   4, 1.30344703838640E+00,-6.11254340194406E+00,-2.41255053198945E+00,-1.18589769947036E-16,-5.28571099269444E+00,-2.60689407677280E+00,-2.60689407677280E+00, 7.72732901678543E-01
   4, 1.45653857938074E+00,-6.61324683387909E+00,-2.49179462351523E+00,-3.41757308261224E-17,-5.53355607467857E+00,-2.91307715876147E+00,-2.91307715876147E+00, 7.41223460777252E-01
   4, 1.67478104814623E+00,-7.36625405454481E+00,-2.57226867795309E+00,-8.28875443925147E-17,-5.90122624785068E+00,-3.34956209629246E+00,-3.34956209629245E+00,-7.04743136322443E-01
   4, 2.00000000000000E+00,-8.54311682027943E+00,-2.64861378744782E+00,-2.65489660930739E-17,-6.47213595499958E+00,-4.00000000000000E+00,-4.00000000000000E+00, 6.64962584006525E-01
   5, 0.00000000000000E+00,-5.00000000000000E+00,-1.00000000000000E+00,-1.00000000000000E+00,-5.00000000000000E+00,-1.00000000000000E+00,-1.00000000000000E+00, 1.00000000000000E+00
   5, 2.18242468765491E-01,-5.05984952019640E+00,-1.72636835379607E+00,-1.21824246876549E+00,-5.05958364248241E+00,-1.58531112634525E+00,-1.58531112634525E+00, 9.93918426554308E-01
   5, 3.71334009759827E-01,-5.17572430617548E+00,-2.24435493925052E+00,-1.37133400975983E+00,-5.17206855322875E+00,-2.00854465419041E+00,-2.00854465419041E+00, 9.81631858270943E-01
   5, 4.83590544643172E-01,-5.30338126637246E+00,-2.61594716821101E+00,-1.48359054464317E+00,-5.29024901783063E+00,-2.32353825735833E+00,-2.32353825735833E+00, 9.67350026929826E-01
   5, 5.69634542146905E-01,-5.42858107683692E+00,-2.88993431528151E+00,-1.56963454214691E+00,-5.40004939088550E+00,-2.56708116350088E+00,-2.56708116350088E+00, 9.52652668073976E-01
   5, 6.38575614518591E-01,-5.54767177710053E+00,-3.09967907521643E+00,-1.63857561451859E+00,-5.49924917325457E+00,-2.76332575757690E+00,-2.76332575757690E+00, 9.38160332259909E-01
   5, 6.96316574356964E-01,-5.66111890300873E+00,-3.26715018981382E+00,-1.69631657435696E+00,-5.58950965768530E+00,-2.92835658398783E+00,-2.92835658398783E+00, 9.24036455045677E-01
   5, 7.46868589480215E-01,-5.77110588484915E+00,-3.40685910570452E+00,-1.74686858948021E+00,-5.67356669442446E+00,-3.07329096365993E+00,-3.07329096365992E+00, 9.10191756981525E-01
   5, 7.93132405742996E-01,-5.88065527810786E+00,-3.52865588025578E+00,-1.79313240574300E+00,-5.75436639750299E+00,-3.20626832633615E+00,-3.20626832633614E+00,-8.96389517719685E-01
   5, 8.37390524073114E-01,-5.99342953645803E+00,-3.63955083100167E+00,-1.83739052407311E+00,-5.83492626215379E+00,-3.33375962336159E+00,-3.33375962336159E+00,-8.82295975353942E-01
   5, 8.81648642403232E-01,-6.11390889779457E+00,-3.74488594608530E+00,-1.88164864240323E+00,-5.91849132527420E+00,-3.46150439267871E+00,-3.46150439267870E+00,-8.67494245045453E-01
   5, 9.27912458666013E-01,-6.24787046109553E+00,-3.84911200142015E+00,-1.92791245866601E+00,-6.00886206177864E+00,-3.59529050171186E+00,-3.59529050171186E+00,-8.51474608864781E-01
   5, 9.78464473789263E-01,-6.40323158124532E+00,-3.95634310453081E+00,-1.97846447378926E+00,-6.11090761114650E+00,-3.74175107028601E+00,-3.74175107028600E+00,-8.33611885838432E-01
   5, 1.00000000000000E+00,-6.47213595499958E+00,-4.00000000000000E+00,-2.00000000000000E+00,-6.15536707435051E+00,-3.80422606518062E+00,-3.80422606518062E+00,-8.25964092991323E-01
   5, 1.03620543362764E+00,-6.59145702552698E+00,-4.07080285728383E+00,-2.03620543362764E+00,-6.23137187785143E+00,-3.90936296288786E+00,-3.90936296288785E+00,-8.13143823383450E-01
   5, 1.10514650599932E+00,-6.82992174170796E+00,-4.19725255484101E+00,-2.10514650599932E+00,-6.38019657492068E+00,-4.10990038556676E+00,-4.10990038556675E+00,-7.89177978143685E-01
   5, 1.19119050350306E+00,-7.14593802577156E+00,-4.34151838843676E+00,-2.19119050350306E+00,-6.57278445134308E+00,-4.36075716558194E+00,-4.36075716558194E+00,-7.60782724048777E-01
   5, 1.30344703838640E+00,-7.58370244837869E+00,-4.51136764570189E+00,-2.30344703838640E+00,-6.83399862444346E+00,-4.68887554311561E+00,-4.68887554311561E+00,-7.27251313807110E-01
   5, 1.45653857938074E+00,-8.21640051003470E+00,-4.71834229242669E+00,-2.45653857938074E+00,-7.20540158370243E+00,-5.13766389733068E+00,-5.13766389733067E+00,-6.88606437452317E-01
   5, 1.67478104814623E+00,-9.16764643474824E+00,-4.98188218029719E+00,-2.67478104814623E+00,-7.75857355880244E+00,-5.77958044433979E+00,-5.77958044433979E+00,-6.46209421384189E-01
   5, 2.00000000000000E+00,-1.06506861341218E+01,-5.33816202970555E+00,-3.00000000000000E+00,-8.61988123121279E+00,-6.73971008936855E+00,-6.73971008936855E+00,-6.02956297759635E-01
   6, 0.00000000000000E+00,-6.00000000000000E+00,-2.00000000000000E+00,-2.00000000000000E+00,-6.00000000000000E+00,-2.00000000000000E+00,-2.00000000000000E+00,-1.00000000000000E+00
   6, 2.18242468765491E-01,-6.07168601197385E+00,-2.79846684814931E+00,-2.38800068630137E+00,-6.07163383474166E+00,-2.68670469918836E+00,-2.68670469918836E+00,-9.93918391558836E-01
   6, 3.71334009759827E-01,-6.20928958299480E+00,-3.39583739659599E+00,-2.66912593804534E+00,-6.20807117780819E+00,-3.19967673465612E+00,-3.19967673465612E+00, 9.81625548439735E-01
   6, 4.83590544643172E-01,-6.35907861980836E+00,-3.84112255510381E+00,-2.87851573436739E+00,-6.35339231222724E+00,-3.58821169537354E+00,-3.58821169537354E+00, 9.67273276262758E-01
   6, 5.69634542146905E-01,-6.50469053643175E+00,-4.17970436748454E+00,-3.04047330549149E+00,-6.49018012480784E+00,-3.89180831471639E+00,-3.89180831471638E+00, 9.52313431228169E-01
   6, 6.38575614518591E-01,-6.64261122882294E+00,-4.44540060937990E+00,-3.17100881378688E+00,-6.61510150875814E+00,-4.13816813215145E+00,-4.13816813215145E+00,-9.37249451475713E-01
   6, 6.96316574356964E-01,-6.77392652569825E+00,-4.66186180401705E+00,-3.28080018084784E+00,-6.72975491313631E+00,-4.34639234409949E+00,-4.34639234409948E+00, 9.22186193865651E-01
   6, 7.46868589480215E-01,-6.90148569956196E+00,-4.84547656964008E+00,-3.37723379913751E+00,-6.83728404785770E+00,-4.52997253178299E+00,-4.52997253178299E+00, 9.07015915838771E-01
   6, 7.93132405742996E-01,-7.02898332372577E+00,-5.00784151113183E+00,-3.46572049474038E+00,-6.94125865679663E+00,-4.69894302728837E+00,-4.69894302728836E+00, 8.91489984058771E-01
   6, 8.37390524073114E-01,-7.16082107668424E+00,-5.15754393625227E+00,-3.55056379933036E+00,-7.04545700149892E+00,-4.86138639796949E+00,-4.86138639796948E+00, 8.75246343772828E-01
   6, 8.81648642403232E-01,-7.30238185692379E+00,-5.30140575277885E+00,-3.63558224867379E+00,-7.15404099608782E+00,-5.02455653304461E+00,-5.02455653304460E+00, 8.57812249084468E-01
   6, 9.27912458666013E-01,-7.46064395503412E+00,-5.44538215541833E+00,-3.72462779581171E+00,-7.27197177297063E+00,-5.19584527033206E+00,-5.19584527033206E+00, 8.38591833897729E-01
   6, 9.78464473789263E-01,-7.64522641903675E+00,-5.59527990475478E+00,-3.82211611988535E+00,-7.40568472114968E+00,-5.38379760584775E+00,-5.38379760584774E+00, 8.16850644416516E-01
   6, 1.00000000000000E+00,-7.72740661031254E+00,-5.65685424949238E+00,-3.86370330515627E+00,-7.46410161513775E+00,-5.46410161513776E+00,-5.46410161513775E+00, 8.07477523606671E-01
   6, 1.03620543362764E+00,-7.87011162331535E+00,-5.75744035666762E+00,-3.93369147687078E+00,-7.56416794817096E+00,-5.59940796637916E+00,-5.59940796637915E+00, 7.91720832540193E-01
   6, 1.10514650599932E+00,-8.15650740643408E+00,-5.93955850661899E+00,-4.06719495373436E+00,-7.76074595852923E+00,-5.85802946394900E+00,-5.85802946394899E+00, 7.62274382503492E-01
   6, 1.19119050350306E+00,-8.53766281810533E+00,-6.15193075578142E+00,-4.23421175152907E+00,-8.01613843955808E+00,-6.18244696387524E+00,-6.18244696387523E+00, 7.27742009789442E-01
   6, 1.30344703838640E+00,-9.06706539596295E+00,-6.40973534821095E+00,-4.45268937939251E+00,-8.36385906230812E+00,-6.60810450376346E+00,-6.60810450376345E+00, 6.87948891432330E-01
   6, 1.45653857938074E+00,-9.83262629093623E+00,-6.73758300063394E+00,-4.75154857110652E+00,-8.85994373966218E+00,-7.19234962618170E+00,-7.19234962618170E+00, 6.43891272761249E-01
   6, 1.67478104814623E+00,-1.09819669473382E+01,-7.17863011284765E+00,-5.17907228224225E+00,-9.60071973083115E+00,-8.03130220329371E+00,-8.03130220329370E+00, 5.98050076186706E-01
   6, 2.00000000000000E+00,-1.27693891272073E+01,-7.81213442749745E+00,-5.81862582235282E+00,-1.07556042372669E+01,-9.29150262212918E+00,-9.29150262212917E+00,-5.53892799641399E-01
   7, 0.00000000000000E+00,-7.00000000000000E+00,-3.00000000000000E+00,-3.00000000000000E+00,-7.00000000000000E+00,-3.00000000000000E+00,-3.00000000000000E+00, 1.00000000000000E+00
   7, 2.18242468765491E-01,-7.08360846071652E+00,-3.84788180934659E+00,-3.51587053473994E+00,-7.08359802927605E+00,-3.75884945820310E+00,-3.75884945820309E+00, 9.93918389877238E-01
   7, 3.71334009759827E-01,-7.24366794540572E+00,-4.50500204528468E+00,-3.90189511998139E+00,-7.24325406848312E+00,-4.34294550817313E+00,-4.34294550817313E+00, 9.81624669722628E-01
   7, 4.83590544643172E-01,-7.41687522283998E+00,-5.00868996818092E+00,-4.19422689840878E+00,-7.41436418162986E+00,-4.79304626978637E+00,-4.79304626978636E+00,-9.67255130704563E-01
   7, 5.69634542146905E-01,-7.58417928883514E+00,-5.40046672718426E+00,-4.42256718575211E+00,-7.57664719050285E+00,-5.14854796329259E+00,-5.14854796329258E+00,-9.52202162340353E-01
   7, 6.38575614518591E-01,-7.74189525667886E+00,-5.71367310516987E+00,-4.60779745344800E+00,-7.72592721031958E+00,-5.43912441353407E+00,-5.43912441353406E+00, 9.36874899329567E-01
   7, 6.96316574356964E-01,-7.89168319245132E+00,-5.97277658576492E+00,-4.76431223124945E+00,-7.86381152701798E+00,-5.68601262591802E+00,-5.68601262591802E+00, 9.21286697251587E-01
   7, 7.46868589480215E-01,-8.03712366194526E+00,-6.19537668744335E+00,-4.90227194733558E+00,-7.99384030605489E+00,-5.90456416578760E+00,-5.90456416578760E+00, 9.05256904583738E-01
   7, 7.93132405742996E-01,-8.18267138311157E+00,-6.39433673146859E+00,-5.02922816826212E+00,-8.12017411413121E+00,-6.10639007632441E+00,-6.10639007632440E+00,-8.88474002923094E-01
   7, 8.37390524073114E-01,-8.33354780901687E+00,-6.57947914502584E+00,-5.15125943739658E+00,-8.24732096100895E+00,-6.30097402414968E+00,-6.30097402414968E+00,-8.70507407178589E-01
   7, 8.81648642403232E-01,-8.49610892619947E+00,-6.75885421748702E+00,-5.27381739019484E+00,-8.38033773627409E+00,-6.49693352544825E+00,-6.49693352544823E+00,-8.50798076224261E-01
   7, 9.27912458666013E-01,-8.67860151659549E+00,-6.93972345920849E+00,-5.40245383325890E+00,-8.52533605910023E+00,-6.70314593364420E+00,-6.70314593364419E+00,-8.28643027808299E-01
   7, 9.78464473789263E-01,-8.89241813767615E+00,-7.12941765893587E+00,-5.54358324782474E+00,-8.69032171762265E+00,-6.92996503410734E+00,-6.92996503410732E+00,-8.03193966032071E-01
   7, 1.00000000000000E+00,-8.98791841486988E+00,-7.20775094321936E+00,-5.60387547160968E+00,-8.76257253506963E+00,-7.02703757859942E+00,-7.02703757859941E+00,-7.92141321829982E-01
   7, 1.03620543362764E+00,-9.15413535812451E+00,-7.33625075109454E+00,-5.70545535243900E+00,-8.88655023353413E+00,-7.19080425289999E+00,-7.19080425289998E+00,-7.73510015171208E-01
   7, 1.10514650599932E+00,-9.48885382977189E+00,-7.57075641005844E+00,-5.89958662376283E+00,-9.13077913081502E+00,-7.50449527524534E+00,-7.50449527524534E+00, 7.38734153249855E-01
   7, 1.19119050350306E+00,-9.93573910354512E+00,-7.84774026507288E+00,-6.14306351646596E+00,-9.44913250863656E+00,-7.89911132807860E+00,-7.89911132807860E+00,-6.98470961776450E-01
   7, 1.30344703838640E+00,-1.05573659247116E+01,-8.19011003896794E+00,-6.46245944676994E+00,-9.88390452988273E+00,-8.41850296125693E+00,-8.41850296125690E+00, 6.53342102924344E-01
   7, 1.45653857938074E+00,-1.14559375666029E+01,-8.63625587284317E+00,-6.90076113624705E+00,-1.05057547597826E+01,-9.13389801778547E+00,-9.13389801778543E+00,-6.05411812276345E-01
   7, 1.67478104814623E+00,-1.28026252110564E+01,-9.25401333740374E+00,-7.53000889736636E+00,-1.14358382853345E+01,-1.01651150906719E+01,-1.01651150906719E+01,-5.57939668356017E-01
   7, 2.00000000000000E+00,-1.48927592997045E+01,-1.01664507555820E+01,-8.47501934514755E+00,-1.28864675255995E+01,-1.17203716378759E+01,-1.17203716378759E+01,-5.14304731298617E-01
   8, 0.00000000000000E+00,-8.00000000000000E+00,-4.00000000000000E+00,-4.00000000000000E+00,-8.00000000000000E+00,-4.00000000000000E+00,-4.00000000000000E+00,-1.00000000000000E+00
   8, 2.18242468765491E-01,-8.09554762219677E+00,-4.88464052260386E+00,-4.61329443354397E+00,-8.09554550931594E+00,-4.81274185448216E+00,-4.81274185448216E+00, 9.93918389796636E-01
   8, 3.71334009759827E-01,-8.27831246010488E+00,-5.58980904260461E+00,-5.08616226930899E+00,-8.27816998093687E+00,-5.45527950071071E+00,-5.45527950071070E+00,-9.81624547684792E-01
   8, 4.83590544643172E-01,-8.47555848725967E+00,-6.14214552854138E+00,-5.45010443396632E+00,-8.47443427758586E+00,-5.95843026986172E+00,-5.95843026986171E+00,-9.67250852483984E-01
   8, 5.69634542146905E-01,-8.66533310259213E+00,-6.57943330593848E+00,-5.73717328699674E+00,-8.66136727794133E+00,-6.35994400575292E+00,-6.35994400575291E+00,-9.52165739414377E-01
   8, 6.38575614518591E-01,-8.84354777612571E+00,-6.93422356047785E+00,-5.97156024002358E+00,-8.83414037383804E+00,-6.69045168113193E+00,-6.69045168113192E+00,-9.36720898322707E-01
   8, 6.96316574356964E-01,-9.01232636499667E+00,-7.23139847502168E+00,-6.17053555005736E+00,-8.99446256063841E+00,-6.97271750170995E+00,-6.97271750170995E+00,-9.20848098765645E-01
   8, 7.46868589480215E-01,-9.17596433501731E+00,-7.48940815932924E+00,-6.34655007937789E+00,-9.14629632946365E+00,-7.22358583710153E+00,-7.22358583710152E+00, 9.04275786144068E-01
   8, 7.93132405742996E-01,-9.33970515257569E+00,-7.72209496188134E+00,-6.50899822940378E+00,-9.29439030312144E+00,-7.45601423623796E+00,-7.45601423623796E+00,-8.86595846182303E-01
   8, 8.37390524073114E-01,-9.50963540683311E+00,-7.94029435792199E+00,-6.66553590341970E+00,-9.44397196704962E+00,-7.68073513817132E+00,-7.68073513817132E+00,-8.67269378795263E-01
   8, 8.81648642403232E-01,-9.69313680250725E+00,-8.15311053007658E+00,-6.82310493168818E+00,-9.60098503885747E+00,-7.90762194963436E+00,-7.90762194963436E+00,-8.45610068894316E-01
   8, 9.27912458666013E-01,-9.89978509856311E+00,-8.36896636912403E+00,-6.98884262366853E+00,-9.77269040802178E+00,-8.14695513797406E+00,-8.14695513797404E+00, 8.20770763673957E-01
   8, 9.78464473789263E-01,-1.01428170889891E+01,-8.59659006699762E+00,-7.17105995983809E+00,-9.96867377261213E+00,-8.41082881318718E+00,-8.41082881318716E+00,-7.91769756470800E-01
   8, 1.00000000000000E+00,-1.02516617909660E+01,-8.69093921483701E+00,-7.24901957082311E+00,-1.00546789842517E+01,-8.52394525479134E+00,-8.52394525479133E+00,-7.79076490676587E-01
   8, 1.03620543362764E+00,-1.04414775293625E+01,-8.84616581076541E+00,-7.38051047031483E+00,-1.02024829883863E+01,-8.71501447179352E+00,-8.71501447179351E+00, 7.57621792568030E-01
   8, 1.10514650599932E+00,-1.08248033624567E+01,-9.13102970539749E+00,-7.63227693385357E+00,-1.04943548516240E+01,-9.08176694066002E+00,-9.08176694066002E+00, 7.17661986319943E-01
   8, 1.19119050350306E+00,-1.13378169037289E+01,-9.47061894049400E+00,-7.94882624282817E+00,-1.08758899886432E+01,-9.54440163048545E+00,-9.54440163048543E+00, 6.72091917350167E-01
   8, 1.30344703838640E+00,-1.20519458754220E+01,-9.89595663269196E+00,-8.36522818805966E+00,-1.13982543946385E+01,-1.01551520364340E+01,-1.01551520364340E+01,-6.22529439019531E-01
   8, 1.45653857938074E+00,-1.30833396321577E+01,-1.04598388576395E+01,-8.93841557047254E+00,-1.21468029085577E+01,-1.09991539621372E+01,-1.09991539621372E+01,-5.72022655324214E-01
   8, 1.67478104814623E+00,-1.46265425286042E+01,-1.12553713479263E+01,-9.76412226249088E+00,-1.32674803023955E+01,-1.22200497103921E+01,-1.22200497103921E+01,-5.24154881542954E-01
   8, 2.00000000000000E+00,-1.70181644702805E+01,-1.24496078142591E+01,-1.10086928476664E+01,-1.50152527752790E+01,-1.40680012588632E+01,-1.40680012588632E+01,-4.81746336119038E-01
   9, 0.00000000000000E+00,-9.00000000000001E+00,-5.00000000000001E+00,-5.00000000000000E+00,-9.00000000000000E+00,-5.00000000000001E+00,-5.00000000000001E+00,-1.00000000000000E+00
   9, 2.18242468765491E-01,-9.10749010253887E+00,-5.91382612449536E+00,-5.68924404043283E+00,-9.10748967041697E+00,-5.85487672532290E+00,-5.85487672532289E+00,-9.93918389792779E-01
   9, 3.71334009759827E-01,-9.31304615014536E+00,-6.65971831011352E+00,-6.23531976745774E+00,-9.31299661359901E+00,-6.54705966511797E+00,-6.54705966511796E+00, 9.81624530765452E-01
   9, 4.83590544643172E-01,-9.53462567630665E+00,-7.25425068152274E+00,-6.66207647277467E+00,-9.53411722205142E+00,-7.09708163869681E+00,-7.09708163869680E+00,-9.67249845703786E-01
   9, 5.69634542146905E-01,-9.74733012155787E+00,-7.73170809347225E+00,-7.00187821312981E+00,-9.74522003047681E+00,-7.54023800673107E+00,-7.54023800673106E+00,-9.52153837532816E-01
   9, 6.38575614518591E-01,-9.94653354287010E+00,-8.12379174040261E+00,-7.28107803599248E+00,-9.94093065160849E+00,-7.90747253620885E+00,-7.90747253620885E+00, 9.36657640773663E-01
   9, 6.96316574356964E-01,-1.01347197883997E+01,-8.45562632624390E+00,-7.51917733957104E+00,-1.01231390953341E+01,-8.22265525498839E+00,-8.22265525498837E+00, 9.20634091229613E-01
   9, 7.46868589480215E-01,-1.03168500580166E+01,-8.74632716170727E+00,-7.73053991482679E+00,-1.02962679546242E+01,-8.50385798099390E+00,-8.50385798099390E+00,-9.03726773628007E-01
   9, 7.93132405742996E-01,-1.04989474956548E+01,-9.01055144581357E+00,-7.92616902973998E+00,-1.04656664650636E+01,-8.76521503916761E+00,-8.76521503916759E+00,-8.85418520194392E-01
   9, 8.37390524073114E-01,-1.06879792818149E+01,-9.26001010885718E+00,-8.11514304366035E+00,-1.06372837564551E+01,-9.01859478263091E+00,-9.01859478263087E+00,-8.65033661304112E-01
   9, 8.81648642403232E-01,-1.08923858027472E+01,-9.50474387852039E+00,-8.30578309278411E+00,-1.08179511060725E+01,-9.27504742309689E+00,-9.27504742309689E+00, 8.41717189909993E-01
   9, 9.27912458666013E-01,-1.11231222647776E+01,-9.75423044634882E+00,-8.50672493559266E+00,-1.10160833696278E+01,-9.54619766148580E+00,-9.54619766148579E+00, 8.14429941249410E-01
   9, 9.78464473789263E-01,-1.13953379983517E+01,-1.00184950296682E+01,-8.72810045112953E+00,-1.12428590389208E+01,-9.84583351075580E+00,-9.84583351075577E+00,-7.82022373854948E-01
   9, 1.00000000000000E+00,-1.15175409662873E+01,-1.01283555449518E+01,-8.82294825561951E+00,-1.13425636392354E+01,-9.97448306593274E+00,-9.97448306593273E+00,-7.67722362767909E-01
   9, 1.03620543362764E+00,-1.17310189047927E+01,-1.03095126530547E+01,-8.98309492987657E+00,-1.15141436825820E+01,-1.01920469350009E+01,-1.01920469350009E+01,-7.43487962494501E-01
   9, 1.10514650599932E+00,-1.21631696379724E+01,-1.06434182552905E+01,-9.29028444005255E+00,-1.18536952059211E+01,-1.06104874505085E+01,-1.06104874505085E+01,-6.98488508593073E-01
   9, 1.19119050350306E+00,-1.27425822108501E+01,-1.10444469349585E+01,-9.67744209021532E+00,-1.22986487263608E+01,-1.11396990305953E+01,-1.11396990305952E+01,-6.48047811884678E-01
   9, 1.30344703838640E+00,-1.35493037120193E+01,-1.15521254835604E+01,-1.01880659624723E+01,-1.29091009489629E+01,-1.18403131220718E+01,-1.18403131220718E+01, 5.94898926870009E-01
   9, 1.45653857938074E+00,-1.47131937395817E+01,-1.22341373921581E+01,-1.08929942936279E+01,-1.37851161156987E+01,-1.28114415013026E+01,-1.28114415013025E+01,-5.42855100777044E-01
   9, 1.67478104814623E+00,-1.64521848264764E+01,-1.32091423673536E+01,-1.19116839730851E+01,-1.50973271369826E+01,-1.42207013449934E+01,-1.42207013449934E+01,-4.95381425650484E-01
   9, 2.00000000000000E+00,-1.91444795718794E+01,-1.46880603512829E+01,-1.34521683464434E+01,-1.71431182779837E+01,-1.63604417049525E+01,-1.63604417049525E+01, 4.54487697500788E-01
  10, 0.00000000000000E+00,-1.00000000000000E+01,-6.00000000000001E+00,-6.00000000000000E+00,-1.00000000000000E+01,-6.00000000000000E+00,-6.00000000000000E+00, 1.00000000000000E+00
  10, 2.18242468765491E-01,-1.01194332517168E+01,-6.93821856277964E+00,-6.74998317553260E+00,-1.01194331626788E+01,-6.88917751700963E+00,-6.88917751700959E+00, 9.93918389792594E-01
  10, 3.71334009759827E-01,-1.03478102136657E+01,-7.72005166342975E+00,-7.35898659609163E+00,-1.03477928594042E+01,-7.62477619546141E+00,-7.62477619546140E+00, 9.81624528422510E-01
  10, 4.83590544643172E-01,-1.05938620491079E+01,-8.35237705039814E+00,-7.84172133436897E+00,-1.05936302842031E+01,-8.21709432440870E+00,-8.21709432440866E+00, 9.67249609093179E-01
  10, 5.69634542146905E-01,-1.08297622386352E+01,-8.86619721480468E+00,-8.22953856873333E+00,-1.08286304677224E+01,-8.69857617123853E+00,-8.69857617123850E+00,-9.52149953662840E-01
  10, 6.38575614518591E-01,-1.10502857819879E+01,-9.29239697190863E+00,-8.55012188769639E+00,-1.10469209503551E+01,-9.10007582845023E+00,-9.10007582845021E+00, 9.36631685478842E-01
  10, 6.96316574356964E-01,-1.12582013764160E+01,-9.65628282252539E+00,-8.82471333089537E+00,-1.12506285606940E+01,-9.44627735281052E+00,-9.44627735281046E+00,-9.20529696783629E-01
  10, 7.46868589480215E-01,-1.14590823066422E+01,-9.97754682063037E+00,-9.06929545476184E+00,-1.14446725792736E+01,-9.75628636866172E+00,-9.75628636866168E+00,-9.03419153388663E-01
  10, 7.93132405742996E-01,-1.16597035413948E+01,-1.02715737059329E+01,-9.29629629733557E+00,-1.16350216756108E+01,-1.00452867881708E+01,-1.00452867881707E+01, 8.84677778112024E-01
  10, 8.37390524073114E-01,-1.18679068481178E+01,-1.05508710211163E+01,-9.51609476184237E+00,-1.18283557986118E+01,-1.03261974940299E+01,-1.03261974940298E+01, 8.63479508341727E-01
  10, 8.81648642403232E-01,-1.20932059249932E+01,-1.08263423599904E+01,-9.73830478263108E+00,-1.20324002230687E+01,-1.06111860320206E+01,-1.06111860320206E+01, 8.38766139677575E-01
  10, 9.27912458666013E-01,-1.23479740304750E+01,-1.11084441181869E+01,-9.97299397218198E+00,-1.22567325228742E+01,-1.09131782103685E+01,-1.09131782103685E+01, 8.09253779226626E-01
  10, 9.78464473789263E-01,-1.26493373389148E+01,-1.14084170420607E+01,-1.02320591682086E+01,-1.25141391923918E+01,-1.12476239016131E+01,-1.12476239016131E+01, 7.73577066757459E-01
  10, 1.00000000000000E+00,-1.27849064429993E+01,-1.15334307226774E+01,-1.03432065838802E+01,-1.26275030293501E+01,-1.13914350518503E+01,-1.13914350518503E+01,-7.57700394356460E-01
  10, 1.03620543362764E+00,-1.30220953714789E+01,-1.17399606457317E+01,-1.05310667590477E+01,-1.28228289033784E+01,-1.16349126865121E+01,-1.16349126865121E+01,-7.30724443233932E-01
  10, 1.10514650599932E+00,-1.35032425873715E+01,-1.21220244135000E+01,-1.08920386300640E+01,-1.32101183166286E+01,-1.21040767351938E+01,-1.21040767351938E+01,-6.80831015024503E-01
  10, 1.19119050350306E+00,-1.41492352760860E+01,-1.25838301036152E+01,-1.13480120490090E+01,-1.37187224771146E+01,-1.26988936654534E+01,-1.26988936654533E+01,-6.25961198861272E-01
  10, 1.30344703838640E+00,-1.50485262544972E+01,-1.31737651161235E+01,-1.19508861738047E+01,-1.44177010728221E+01,-1.34884277482565E+01,-1.34884277482565E+01, 5.69996874964191E-01
  10, 1.45653857938074E+00,-1.63445535823696E+01,-1.39747312467039E+01,-1.27854134108268E+01,-1.54218020937371E+01,-1.45858501436946E+01,-1.45858501436946E+01, 5.17216986634619E-01
  10, 1.67478104814623E+00,-1.82787580754448E+01,-1.51310129756870E+01,-1.39948535276801E+01,-1.69262199935507E+01,-1.61828999626176E+01,-1.61828999626176E+01,-4.70609780367974E-01
  10, 2.00000000000000E+00,-2.12712088186959E+01,-1.68971508678783E+01,-1.58291167158931E+01,-1.92705673653346E+01,-1.86143053131265E+01,-1.86143053131265E+01, 4.31296686643295E-01
  11, 0.00000000000000E+00,-1.10000000000000E+01,-7.00000000000000E+00,-7.00000000000000E+00,-1.10000000000000E+01,-7.00000000000000E+00,-7.00000000000000E+00, 1.00000000000000E+00
  11, 2.18242468765491E-01,-1.11313765371451E+01,-7.95943569400617E+00,-7.79979111950660E+00,-1.11313765186900E+01,-7.91809143655487E+00,-7.91809143655485E+00,-9.93918389792585E-01
  11, 3.71334009759827E-01,-1.13825847486301E+01,-8.77397070942235E+00,-8.46391120005708E+00,-1.13825786320358E+01,-8.69260314856854E+00,-8.69260314856854E+00,-9.81624528098336E-01
  11, 4.83590544643172E-01,-1.16531739574547E+01,-9.44100269650684E+00,-8.99726137292393E+00,-1.16530676580390E+01,-9.32376842488517E+00,-9.32376842488515E+00, 9.67249553538085E-01
  11, 5.69634542146905E-01,-1.19124219934610E+01,-9.98841438361838E+00,-9.42933841034908E+00,-1.19118110844036E+01,-9.84100683273892E+00,-9.84100683273891E+00,-9.52148687569697E-01
  11, 6.38575614518591E-01,-1.21544853175476E+01,-1.04463345750029E+01,-9.78855992163469E+00,-1.21524512702364E+01,-1.02748370130028E+01,-1.02748370130028E+01,-9.36621046123821E-01
  11, 6.96316574356964E-01,-1.23823712683745E+01,-1.08402426059831E+01,-1.00975354803982E+01,-1.23773854614529E+01,-1.06505558543223E+01,-1.06505558543222E+01,-9.20478802306552E-01
  11, 7.46868589480215E-01,-1.26022199307300E+01,-1.11903708605365E+01,-1.03736360580048E+01,-1.25920592487939E+01,-1.09881607668351E+01,-1.09881607668351E+01, 9.03246728760316E-01
  11, 7.93132405742996E-01,-1.28215244980780E+01,-1.15127903180281E+01,-1.06305683616800E+01,-1.28030803865100E+01,-1.13037888680503E+01,-1.13037888680503E+01, 8.84210790733504E-01
  11, 8.37390524073114E-01,-1.30489823106590E+01,-1.18207657709989E+01,-1.08799148215299E+01,-1.30178721424290E+01,-1.16113439538891E+01,-1.16113439538891E+01, 8.62394376653687E-01
  11, 8.81648642403232E-01,-1.32951798876346E+01,-1.21260231078235E+01,-1.11325138264518E+01,-1.32450636939947E+01,-1.19240653394548E+01,-1.19240653394548E+01, 8.36512502971294E-01
  11, 9.27912458666013E-01,-1.35739347559022E+01,-1.24399466606644E+01,-1.13998132540848E+01,-1.34954068628778E+01,-1.22561477415609E+01,-1.22561477415609E+01, 8.04984459145271E-01
  11, 9.78464473789263E-01,-1.39044088448505E+01,-1.27749264755978E+01,-1.16954331275888E+01,-1.37833130423380E+01,-1.26246805423617E+01,-1.26246805423617E+01, 7.66169692658597E-01
  11, 1.00000000000000E+00,-1.40533483666646E+01,-1.29148296604782E+01,-1.18224289615639E+01,-1.39103055435469E+01,-1.27833753161812E+01,-1.27833753161812E+01, 7.48743497038334E-01
  11, 1.03620543362764E+00,-1.43142873427592E+01,-1.31463281989143E+01,-1.20372853857367E+01,-1.41293592630561E+01,-1.30523376840612E+01,-1.30523376840611E+01, 7.19059975503035E-01
  11, 1.10514650599932E+00,-1.48445691516633E+01,-1.35759435326214E+01,-1.24508079107856E+01,-1.45644547934817E+01,-1.35715321227591E+01,-1.35715321227591E+01, 6.64420947628680E-01
  11, 1.19119050350306E+00,-1.55572580314581E+01,-1.40981789852601E+01,-1.29742816566153E+01,-1.51369290765428E+01,-1.42312908648382E+01,-1.42312908648382E+01,-6.05561416731827E-01
  11, 1.30344703838640E+00,-1.65490296714597E+01,-1.47705915600483E+01,-1.36680057925394E+01,-1.59248156236074E+01,-1.51091551951658E+01,-1.51091551951658E+01, 5.47464659480053E-01
  11, 1.45653857938074E+00,-1.79768536699423E+01,-1.56915000682572E+01,-1.46306843803459E+01,-1.70574949087761E+01,-1.63324412034044E+01,-1.63324412034043E+01, 4.94544817871062E-01
  11, 1.67478104814623E+00,-2.01058409193195E+01,-1.70307532440771E+01,-1.60294825028396E+01,-1.87545956141412E+01,-1.81171392280975E+01,-1.81171392280974E+01,-4.49062422891091E-01
  11, 2.00000000000000E+00,-2.33981290653233E+01,-1.90862327668635E+01,-1.81563701220110E+01,-2.13978249224205E+01,-2.08404936035060E+01,-2.08404936035060E+01,-4.11285133140280E-01
  12, 0.00000000000000E+00,-1.20000000000000E+01,-8.00000000000000E+00,-8.00000000000000E+00,-1.20000000000000E+01,-8.00000000000000E+00,-8.00000000000000E+00,-1.00000000000000E+00
  12, 2.18242468765491E-01,-1.21433198505592E+01,-8.97846863452895E+00,-8.84160565017928E+00,-1.21433198467155E+01,-8.94319520233424E+00,-8.94319520233420E+00, 9.93918389792584E-01
  12, 3.71334009759827E-01,-1.24173629272338E+01,-9.82344164426059E+00,-9.55484378600137E+00,-1.24173607608030E+01,-9.75330268712325E+00,-9.75330268712323E+00,-9.81624528053509E-01
  12, 4.83590544643172E-01,-1.27125199319685E+01,-1.05229642801407E+01,-1.01345570090441E+01,-1.27124709320356E+01,-1.04206739889697E+01,-1.04206739889697E+01, 9.67249540503088E-01
  12, 5.69634542146905E-01,-1.29952021223254E+01,-1.11019125829477E+01,-1.06078649961543E+01,-1.29948706612396E+01,-1.09716466610598E+01,-1.09716466610598E+01, 9.52148275162359E-01
  12, 6.38575614518591E-01,-1.32589488600606E+01,-1.15897192928460E+01,-1.10034941547100E+01,-1.32577127375811E+01,-1.14362586568968E+01,-1.14362586568967E+01, 9.36616688468646E-01
  12, 6.96316574356964E-01,-1.35069820635884E+01,-1.20120495736870E+01,-1.13451376109953E+01,-1.35036814388346E+01,-1.18402822267079E+01,-1.18402822267079E+01,-9.20454006301735E-01
  12, 7.46868589480215E-01,-1.37459755068938E+01,-1.23896665680093E+01,-1.16513733661290E+01,-1.37387697474197E+01,-1.22045023614192E+01,-1.22045023614192E+01,-9.03150093958409E-01
  12, 7.93132405742996E-01,-1.39841088216043E+01,-1.27393125215340E+01,-1.19370697931997E+01,-1.39702419805224E+01,-1.25459358857114E+01,-1.25459358857114E+01,-8.83916092427914E-01
  12, 8.37390524073114E-01,-1.42309097867573E+01,-1.30749954506681E+01,-1.22149347416881E+01,-1.42062780781832E+01,-1.28794205561134E+01,-1.28794205561134E+01, 8.61634561806457E-01
  12, 8.81648642403232E-01,-1.44980260660302E+01,-1.34092473606433E+01,-1.24969763393072E+01,-1.44564228530116E+01,-1.32192320857456E+01,-1.32192320857456E+01,-8.34782179489859E-01
  12, 9.27912458666013E-01,-1.48007338242099E+01,-1.37543509938780E+01,-1.27959822216642E+01,-1.47326157280047E+01,-1.35808097455289E+01,-1.35808097455288E+01, 8.01434388990141E-01
  12, 9.78464473789263E-01,-1.51602831752191E+01,-1.41237928218522E+01,-1.31272640915321E+01,-1.50509111401865E+01,-1.39828668306240E+01,-1.39828668306240E+01, 7.59607407005934E-01
  12, 1.00000000000000E+00,-1.53225951510808E+01,-1.42783856133204E+01,-1.32697566527402E+01,-1.51915082254504E+01,-1.41562320450402E+01,-1.41562320450402E+01, 7.40656483024655E-01
  12, 1.03620543362764E+00,-1.56073164036475E+01,-1.45345515920289E+01,-1.35110546139902E+01,-1.54342795714863E+01,-1.44503548054177E+01,-1.44503548054177E+01, 7.08296171050545E-01
  12, 1.10514650599932E+00,-1.61868454071371E+01,-1.50112965428749E+01,-1.39761900520434E+01,-1.59172533649633E+01,-1.50190719270544E+01,-1.50190719270544E+01, 6.49063168041009E-01
  12, 1.19119050350306E+00,-1.69662987249620E+01,-1.55938179176172E+01,-1.45661889561258E+01,-1.65538012576635E+01,-1.57433162335076E+01,-1.57433162335075E+01,-5.86644379602753E-01
  12, 1.30344703838640E+00,-1.80504275138883E+01,-1.63490968971136E+01,-1.53497657705236E+01,-1.74309244582711E+01,-1.67091535111679E+01,-1.67091535111679E+01,-5.27006526920332E-01
  12, 1.45653857938074E+00,-1.96097481599991E+01,-1.73909622880269E+01,-1.64396291188310E+01,-1.86925700305984E+01,-1.80581255442087E+01,-1.80581255442087E+01, 4.74375957342224E-01
  12, 1.67478104814623E+00,-2.19332057618508E+01,-1.89146948079878E+01,-1.80269575966235E+01,-2.05826866781693E+01,-2.00305803572165E+01,-2.00305803572165E+01,-4.30138364588456E-01
  12, 2.00000000000000E+00,-2.55251383020480E+01,-2.12612495702096E+01,-2.04459424197130E+01,-2.35249933644742E+01,-2.30463660146194E+01,-2.30463660146193E+01, 3.93802960281795E-01
  13, 0.00000000000000E+00,-1.30000000000000E+01,-9.00000000000000E+00,-9.00000000000000E+00,-1.30000000000000E+01,-9.00000000000000E+00,-9.00000000000000E+00, 1.00000000000000E+00
  13, 2.18242468765491E-01,-1.31552631697590E+01,-9.99595110122909E+00,-9.87747156020431E+00,-1.31552631689552E+01,-9.96553587294575E+00,-9.96553587294573E+00, 9.93918389792587E-01
  13, 3.71334009759827E-01,-1.34521423829154E+01,-1.08697357218717E+01,-1.06351684905188E+01,-1.34521416124626E+01,-1.08087518065497E+01,-1.08087518065497E+01, 9.81624528047310E-01
  13, 4.83590544643172E-01,-1.37718813931128E+01,-1.16001235787827E+01,-1.12578367055012E+01,-1.37718587119339E+01,-1.15102786503666E+01,-1.15102786503665E+01, 9.67249537446280E-01
  13, 5.69634542146905E-01,-1.40780464467883E+01,-1.22090594853983E+01,-1.17699032917527E+01,-1.40778658380321E+01,-1.20933718937856E+01,-1.20933718937856E+01, 9.52148140909000E-01
  13, 6.38575614518591E-01,-1.43635696244233E+01,-1.27253301791235E+01,-1.22001026349059E+01,-1.43628151181670E+01,-1.25875072001844E+01,-1.25875072001843E+01,-9.36614904834111E-01
  13, 6.96316574356964E-01,-1.46318780322914E+01,-1.31748069355818E+01,-1.25729953237525E+01,-1.46296831126678E+01,-1.30188395876697E+01,-1.30188395876697E+01, 9.20441932931313E-01
  13, 7.46868589480215E-01,-1.48901576035518E+01,-1.35787870310257E+01,-1.29082229341673E+01,-1.48850233292438E+01,-1.34088654538825E+01,-1.34088654538824E+01, 9.03095952552896E-01
  13, 7.93132405742996E-01,-1.51472480020826E+01,-1.39546832093340E+01,-1.32217210801273E+01,-1.51367705679778E+01,-1.37754251696670E+01,-1.37754251696670E+01,-8.83730041370950E-01
  13, 8.37390524073114E-01,-1.54134810835588E+01,-1.43172480052063E+01,-1.35272595045045E+01,-1.53938740585032E+01,-1.41342506565819E+01,-1.41342506565818E+01, 8.61101568260449E-01
  13, 8.81648642403232E-01,-1.57015466557554E+01,-1.46798206002665E+01,-1.38379717462669E+01,-1.56668065992911E+01,-1.45006263474101E+01,-1.45006263474101E+01, 8.33448392629548E-01
  13, 9.27912458666013E-01,-1.60281833189892E+01,-1.50555702375333E+01,-1.41679530051198E+01,-1.59687096461725E+01,-1.48912175212545E+01,-1.48912175212545E+01, 7.98463224966983E-01
  13, 9.78464473789263E-01,-1.64167746011308E+01,-1.54590391259006E+01,-1.45341827085650E+01,-1.63172997395734E+01,-1.53263506400190E+01,-1.53263506400189E+01, 7.53745316655603E-01
  13, 1.00000000000000E+00,-1.65924596211175E+01,-1.56281661790749E+01,-1.46918933519261E+01,-1.64714819089970E+01,-1.55142192518468E+01,-1.55142192518468E+01, 7.33292558316477E-01
  13, 1.03620543362764E+00,-1.69009903810195E+01,-1.59087700282905E+01,-1.49591971247067E+01,-1.67379657556271E+01,-1.58332522487333E+01,-1.58332522487333E+01, 6.98283745194390E-01
  13, 1.10514650599932E+00,-1.75298590814945E+01,-1.64323500064819E+01,-1.54752217814412E+01,-1.72688905676902E+01,-1.64511144501278E+01,-1.64511144501278E+01, 6.34611685504676E-01
  13, 1.19119050350306E+00,-1.83761097732099E+01,-1.70751472317536E+01,-1.61310162917507E+01,-1.79696987461878E+01,-1.72395309720961E+01,-1.72395309720961E+01, 5.69049280019422E-01
  13, 1.30344703838640E+00,-1.95524575841375E+01,-1.79137668426525E+01,-1.70037355094114E+01,-1.89363399283740E+01,-1.82931394273486E+01,-1.82931394273486E+01, 5.08372198954112E-01
  13, 1.45653857938074E+00,-2.12430220052933E+01,-1.90775614911512E+01,-1.82201525061680E+01,-2.03272554639410E+01,-1.97677798599041E+01,-1.97677798599039E+01,-4.56329322286630E-01
  13, 1.67478104814623E+00,-2.37607280105513E+01,-2.07870793430073E+01,-1.99955636420274E+01,-2.24106194738370E+01,-2.19282409403404E+01,-2.19282409403403E+01, 4.13370487370762E-01
  13, 2.00000000000000E+00,-2.76521893368947E+01,-2.34261127066462E+01,-2.27065147886366E+01,-2.56521199787958E+01,-2.52370208939655E+01,-2.52370208939654E+01,-3.78366294346070E-01
  14, 0.00000000000000E+00,-1.40000000000000E+01,-1.00000000000000E+01,-1.00000000000000E+01,-1.40000000000000E+01,-1.00000000000000E+01,-1.00000000000000E+01,-1.00000000000000E+00
  14, 2.18242468765491E-01,-1.41672064901612E+01,-1.10123031919234E+01,-1.09088359145167E+01,-1.41672064899926E+01,-1.09858281018386E+01,-1.09858281018386E+01,-9.93918389792582E-01
  14, 3.71334009759827E-01,-1.44869222888266E+01,-1.19137027798386E+01,-1.17073320145378E+01,-1.44869220138888E+01,-1.18602570833480E+01,-1.18602570833480E+01,-9.81624528046461E-01
  14, 4.83590544643172E-01,-1.48312499399550E+01,-1.26737403579096E+01,-1.23701967874828E+01,-1.48312394044698E+01,-1.25943278664266E+01,-1.25943278664266E+01, 9.67249536729727E-01
  14, 5.69634542146905E-01,-1.51609252436211E+01,-1.33114787022232E+01,-1.29189820603737E+01,-1.51608264793380E+01,-1.32082392828064E+01,-1.32082392828063E+01,-9.52148097225357E-01
  14, 6.38575614518591E-01,-1.54682846985939E+01,-1.38550968772061E+01,-1.33822193709097E+01,-1.54678224669984E+01,-1.37308626202811E+01,-1.37308626202811E+01,-9.36614175158750E-01
  14, 6.96316574356964E-01,-1.57569598772813E+01,-1.43306928974302E+01,-1.37851726104479E+01,-1.57554947194693E+01,-1.41886745648400E+01,-1.41886745648400E+01, 9.20436057448946E-01
  14, 7.46868589480215E-01,-1.60346366546333E+01,-1.47601069643088E+01,-1.41484331610052E+01,-1.60309639680001E+01,-1.46038276597097E+01,-1.46038276597096E+01, 9.03065630611950E-01
  14, 7.93132405742996E-01,-1.63107947659921E+01,-1.51614285252481E+01,-1.44889272263962E+01,-1.63028454972427E+01,-1.49949429829073E+01,-1.49949429829073E+01, 8.83612571951299E-01
  14, 8.37390524073114E-01,-1.65965456137799E+01,-1.55501644275839E+01,-1.48214343520676E+01,-1.65808687700259E+01,-1.53786154861765E+01,-1.53786154861765E+01,-8.60727262384593E-01
  14, 8.81648642403232E-01,-1.69055981618647E+01,-1.59404736043555E+01,-1.51601772236563E+01,-1.68764466624735E+01,-1.57711165929238E+01,-1.57711165929238E+01,-8.32417271633556E-01
  14, 9.27912458666013E-01,-1.72561483662460E+01,-1.63464141728194E+01,-1.55205327624029E+01,-1.72039375756957E+01,-1.61903234643342E+01,-1.61903234643342E+01,-7.95963557178027E-01
  14, 9.78464473789263E-01,-1.76737508369925E+01,-1.67835546939608E+01,-1.59211298153182E+01,-1.75827398552987E+01,-1.66581685635072E+01,-1.66581685635071E+01, 7.48471924041084E-01
  14, 1.00000000000000E+00,-1.78628085407610E+01,-1.69670927319346E+01,-1.60938343885271E+01,-1.77504909499395E+01,-1.68604072141143E+01,-1.68604072141142E+01, 7.26538657666837E-01
  14, 1.03620543362764E+00,-1.81951722516733E+01,-1.72719561280418E+01,-1.63867967414086E+01,-1.80406855916586E+01,-1.72041541553989E+01,-1.72041541553989E+01, 6.88907674206939E-01
  14, 1.10514650599932E+00,-1.88734569189162E+01,-1.78421668668002E+01,-1.69531451886712E+01,-1.86196329605869E+01,-1.78708772627288E+01,-1.78708772627288E+01, 6.20954484463500E-01
  14, 1.19119050350306E+00,-1.97865119877533E+01,-1.85453185333474E+01,-1.76741856052513E+01,-1.93848716121817E+01,-1.87232531999517E+01,-1.87232531999517E+01, 5.52644596000466E-01
  14, 1.30344703838640E+00,-2.10549387426192E+01,-1.94677884292286E+01,-1.86355440126651E+01,-2.04412704545944E+01,-1.98645365884953E+01,-1.98645365884952E+01,-4.91346749193883E-01
  14, 1.45653857938074E+00,-2.28765398078540E+01,-2.07544110622456E+01,-1.99781195091104E+01,-2.19616923263855E+01,-2.14649286382672E+01,-2.14649286382671E+01,-4.40090434177171E-01
  14, 1.67478104814623E+00,-2.55883387401324E+01,-2.26508296512123E+01,-2.19414212450493E+01,-2.42384634963909E+01,-2.38137196558570E+01,-2.38137196558569E+01, 3.98393067959158E-01
  14, 2.00000000000000E+00,-2.97792601325012E+01,-2.55834749115488E+01,-2.49444538806194E+01,-2.77792268253041E+01,-2.74160725532427E+01,-2.74160725532427E+01, 3.64608752654503E-01
  15, 0.00000000000000E+00,-1.50000000000000E+01,-1.10000000000000E+01,-1.10000000000000E+01,-1.50000000000000E+01,-1.10000000000000E+01,-1.10000000000000E+01,-1.00000000000000E+00
  15, 2.18242468765491E-01,-1.51791498108144E+01,-1.20278121119430E+01,-1.19367403781786E+01,-1.51791498107789E+01,-1.20045718157564E+01,-1.20045718157564E+01,-9.93918389792589E-01
  15, 3.71334009759827E-01,-1.55217023542258E+01,-1.29559276006843E+01,-1.27731302939926E+01,-1.55217022558266E+01,-1.29087479812898E+01,-1.29087479812898E+01, 9.81624528046340E-01
  15, 4.83590544643172E-01,-1.58906217459073E+01,-1.37446899560958E+01,-1.34739388019209E+01,-1.58906168375230E+01,-1.36740818729639E+01,-1.36740818729638E+01, 9.67249536561813E-01
  15, 5.69634542146905E-01,-1.62438226574370E+01,-1.44103115329997E+01,-1.40577437144406E+01,-1.62437684840885E+01,-1.43177499741287E+01,-1.43177499741286E+01, 9.52148083016826E-01
  15, 6.38575614518591E-01,-1.65730566852459E+01,-1.49803914724615E+01,-1.45527277279116E+01,-1.65727726225285E+01,-1.48680010206911E+01,-1.48680010206910E+01,-9.36613876779958E-01
  15, 6.96316574356964E-01,-1.68821636451046E+01,-1.54812725081074E+01,-1.49847337200085E+01,-1.68811824697504E+01,-1.53515942035013E+01,-1.53515942035013E+01, 9.20433199458619E-01
  15, 7.46868589480215E-01,-1.71793238922811E+01,-1.59353479939607E+01,-1.53752125535485E+01,-1.71766879598845E+01,-1.57912985832206E+01,-1.57912985832206E+01, 9.03048655441936E-01
  15, 7.93132405742996E-01,-1.74746434131195E+01,-1.63613930832749E+01,-1.57420185492712E+01,-1.74685911853631E+01,-1.62064834374429E+01,-1.62064834374428E+01,-8.83538410736816E-01
  15, 8.37390524073114E-01,-1.77799920905929E+01,-1.67756827692481E+01,-1.61008980771923E+01,-1.77674106476148E+01,-1.66145824383755E+01,-1.66145824383754E+01,-8.60464221543448E-01
  15, 8.81648642403232E-01,-1.81100736953580E+01,-1.71932154063071E+01,-1.64671330749779E+01,-1.80855105209987E+01,-1.70328369640639E+01,-1.70328369640639E+01, 8.31618423459274E-01
  15, 9.27912458666013E-01,-1.84845294374783E+01,-1.76289515913204E+01,-1.68573612845616E+01,-1.84384810650056E+01,-1.74803253743647E+01,-1.74803253743647E+01, 7.93851622573329E-01
  15, 9.78464473789263E-01,-1.89311150718591E+01,-1.80994673427119E+01,-1.72918469689282E+01,-1.88474225411083E+01,-1.79805816774458E+01,-1.79805816774457E+01, 7.43699679706249E-01
  15, 1.00000000000000E+00,-1.91335444670112E+01,-1.82973167608700E+01,-1.74793626364408E+01,-1.90287289084452E+01,-1.81970821451741E+01,-1.81970821451741E+01, 7.20305920380521E-01
  15, 1.03620543362764E+00,-1.94897616185309E+01,-1.86262989787923E+01,-1.77977032145400E+01,-1.93426349769696E+01,-1.85653866972037E+01,-1.85653866972036E+01, 6.80077546301668E-01
  15, 1.10514650599932E+00,-2.02175251708233E+01,-1.92430017540305E+01,-1.84139288689934E+01,-1.99696742225453E+01,-1.92807550047517E+01,-1.92807550047517E+01, 6.08003663850603E-01
  15, 1.19119050350306E+00,-2.11973728269482E+01,-2.00066449850024E+01,-1.91997990873079E+01,-2.07994978956257E+01,-2.01969495278817E+01,-2.01969495278816E+01, 5.37319446063048E-01
  15, 1.30344703838640E+00,-2.25577441363195E+01,-2.10134799344899E+01,-2.02494446340664E+01,-2.19458578774625E+01,-2.14258838350891E+01,-2.14258838350890E+01, 4.75744143791459E-01
  15, 1.45653857938074E+00,-2.45102154796734E+01,-2.24237440099258E+01,-2.17179506359957E+01,-2.35959692490270E+01,-2.31521731976829E+01,-2.31521731976829E+01,-4.25399283233509E-01
  15, 1.67478104814623E+00,-2.74159994966700E+01,-2.45080093144790E+01,-2.38691222783489E+01,-2.60662573924859E+01,-2.56896511064123E+01,-2.56896511064123E+01,-3.84917319977536E-01
  15, 2.00000000000000E+00,-3.19063403204937E+01,-2.77351829807333E+01,-2.71644995984053E+01,-2.99063242777385E+01,-2.95861362082670E+01,-2.95861362082668E+01, 3.52248256809190E-01
  16, 0.00000000000000E+00,-1.60000000000000E+01,-1.20000000000000E+01,-1.20000000000000E+01,-1.60000000000000E+01,-1.20000000000000E+01,-1.20000000000000E+01, 1.00000000000000E+00
  16, 2.18242468765491E-01,-1.61910931315202E+01,-1.30426795034852E+01,-1.29619472692136E+01,-1.61910931315127E+01,-1.30221245192473E+01,-1.30221245192472E+01, 9.93918389792593E-01
  16, 3.71334009759827E-01,-1.65564824763475E+01,-1.39968228582476E+01,-1.38339010510520E+01,-1.65564824410417E+01,-1.39548987518113E+01,-1.39548987518113E+01, 9.81624528046323E-01
  16, 4.83590544643172E-01,-1.69499950575066E+01,-1.48135949488683E+01,-1.45707982380762E+01,-1.69499927648455E+01,-1.47504673747727E+01,-1.47504673747727E+01, 9.67249536522484E-01
  16, 5.69634542146905E-01,-1.73267301734666E+01,-1.55063778413591E+01,-1.51881959361960E+01,-1.73267003805334E+01,-1.54230195665004E+01,-1.54230195665004E+01,-9.52148078396773E-01
  16, 6.38575614518591E-01,-1.76778631903239E+01,-1.61022099839654E+01,-1.57138284793703E+01,-1.76776881499638E+01,-1.60001772711770E+01,-1.60001772711768E+01, 9.36613754809475E-01
  16, 6.96316574356964E-01,-1.80074478112078E+01,-1.66276931752584E+01,-1.61740240315912E+01,-1.80067889256351E+01,-1.65089581293615E+01,-1.65089581293615E+01, 9.20431809790694E-01
  16, 7.46868589480215E-01,-1.83241579186810E+01,-1.71057835785918E+01,-1.65910212535432E+01,-1.83222606644810E+01,-1.69727197555974E+01,-1.69727197555973E+01, 9.03039155698129E-01
  16, 7.93132405742996E-01,-1.86387171403376E+01,-1.75559515323680E+01,-1.69835515474317E+01,-1.86340954556971E+01,-1.74115551718359E+01,-1.74115551718359E+01, 8.83491599736036E-01
  16, 8.37390524073114E-01,-1.89637368693979E+01,-1.79952552546021E+01,-1.73682924964663E+01,-1.89536073738828E+01,-1.78437178975735E+01,-1.78437178975735E+01, 8.60279303237900E-01
  16, 8.81648642403232E-01,-1.93148918762025E+01,-1.84395559933479E+01,-1.77615605108353E+01,-1.92941218413647E+01,-1.82874059899558E+01,-1.82874059899558E+01,-8.30998549595725E-01
  16, 9.27912458666013E-01,-1.97132513295001E+01,-1.89047389273905E+01,-1.81812371642843E+01,-1.96724755065849E+01,-1.87628910591973E+01,-1.87628910591973E+01, 7.92061068894284E-01
  16, 9.78464473789263E-01,-2.01887948024829E+01,-1.94083782994518E+01,-1.86492114631550E+01,-2.01114908616013E+01,-1.92953062981841E+01,-1.92953062981840E+01, 7.39358639349800E-01
  16, 1.00000000000000E+00,-2.04045944747566E+01,-1.96204573521202E+01,-1.88513872044206E+01,-2.03063407752178E+01,-1.95259794871532E+01,-1.95259794871532E+01,-7.14523291999361E-01
  16, 1.03620543362764E+00,-2.07846831951188E+01,-1.99734458475783E+01,-1.91948769680427E+01,-2.06439605177488E+01,-1.99187155257055E+01,-1.99187155257055E+01,-6.71721073196807E-01
  16, 1.10514650599932E+00,-2.15619774204138E+01,-2.06365503996185E+01,-1.98606238073858E+01,-2.13191582140808E+01,-2.06825643975498E+01,-2.06825643975498E+01,-5.95688819785461E-01
  16, 1.19119050350306E+00,-2.26085925568844E+01,-2.14608602420859E+01,-2.07110082974957E+01,-2.22137068923720E+01,-2.16624889177607E+01,-2.16624889177607E+01,-5.22978117153720E-01
  16, 1.30344703838640E+00,-2.40607839902754E+01,-2.25525620235390E+01,-2.18487004769189E+01,-2.34502002700607E+01,-2.29790997254684E+01,-2.29790997254684E+01, 4.61402694164531E-01
  16, 1.45653857938074E+00,-2.61439938492388E+01,-2.40871946456904E+01,-2.34430279588868E+01,-2.52301425407153E+01,-2.48314693122178E+01,-2.48314693122177E+01, 4.12040351494270E-01
  16, 1.67478104814623E+00,-2.92436886767791E+01,-2.63601065728270E+01,-2.57821625316364E+01,-2.78940228309997E+01,-2.75579993369532E+01,-2.75579993369531E+01,-3.72713092993319E-01
  16, 2.00000000000000E+00,-3.40334249926948E+01,-2.98825525477511E+01,-2.93702317872048E+01,-3.20334172455596E+01,-3.17491389175490E+01,-3.17491389175488E+01,-3.41064190239291E-01
  17, 0.00000000000000E+00,-1.70000000000000E+01,-1.30000000000000E+01,-1.30000000000000E+01,-1.70000000000000E+01,-1.30000000000000E+01,-1.30000000000000E+01, 1.00000000000000E+00
  17, 2.18242468765491E-01,-1.72030364522370E+01,-1.40570502522350E+01,-1.39850232285948E+01,-1.72030364522354E+01,-1.40387469617199E+01,-1.40387469617199E+01, 9.93918389792578E-01
  17, 3.71334009759827E-01,-1.75912626187108E+01,-1.50366862965126E+01,-1.48906545772611E+01,-1.75912626060152E+01,-1.49992072190787E+01,-1.49992072190786E+01,-9.81624528046303E-01
  17, 4.83590544643172E-01,-1.80093690672697E+01,-1.58809073821015E+01,-1.56621013906027E+01,-1.80093679939853E+01,-1.58241770803079E+01,-1.58241770803079E+01, 9.67249536513256E-01
  17, 5.69634542146905E-01,-1.84096431934567E+01,-1.66002780077871E+01,-1.63118848881320E+01,-1.84096267711157E+01,-1.65248905259624E+01,-1.65248905259624E+01, 9.52148076894878E-01
  17, 6.38575614518591E-01,-1.87826907216135E+01,-1.72212887204056E+01,-1.68672246252963E+01,-1.87825826082139E+01,-1.71283461378885E+01,-1.71283461378885E+01,-9.36613704965049E-01
  17, 6.96316574356964E-01,-1.91327852331182E+01,-1.77708110846980E+01,-1.73548638766421E+01,-1.91323417089133E+01,-1.76618061955442E+01,-1.76618061955441E+01,-9.20431134298030E-01
  17, 7.46868589480215E-01,-1.94690959405329E+01,-1.82723722461984E+01,-1.77977723156240E+01,-1.94677269719558E+01,-1.81491975627994E+01,-1.81491975627993E+01,-9.03033841153419E-01
  17, 7.93132405742996E-01,-1.98029595981142E+01,-1.87461464689468E+01,-1.82155167008028E+01,-1.97994211928455E+01,-1.86113188359994E+01,-1.86113188359994E+01, 8.83462059058632E-01
  17, 8.37390524073114E-01,-2.01477162327932E+01,-1.92099898623051E+01,-1.86256762455290E+01,-2.01395383702058E+01,-1.90672288694135E+01,-1.90672288694134E+01, 8.60149283165922E-01
  17, 8.81648642403232E-01,-2.05199896117367E+01,-1.96806514825798E+01,-1.90455812206449E+01,-2.05023736227634E+01,-1.95360721729620E+01,-1.95360721729620E+01, 8.30516998339297E-01
  17, 9.27912458666013E-01,-2.09422560497542E+01,-2.01749693029679E+01,-1.94943431892143E+01,-2.09060238362212E+01,-2.00393078677928E+01,-2.00393078677928E+01, 7.90538641937450E-01
  17, 9.78464473789263E-01,-2.14467346396831E+01,-2.07115153471693E+01,-1.99954678486961E+01,-2.13750540697782E+01,-2.06036676243210E+01,-2.06036676243209E+01, 7.35392080407006E-01
  17, 1.00000000000000E+00,-2.16759028949189E+01,-2.09377560192125E+01,-2.02121774967774E+01,-2.15834373145232E+01,-2.08484392432570E+01,-2.08484392432569E+01, 7.09133100019594E-01
  17, 1.03620543362764E+00,-2.20798793849279E+01,-2.13146597649502E+01,-2.05806273420520E+01,-2.19447741013475E+01,-2.12655038685395E+01,-2.12655038685395E+01, 6.63779599215173E-01
  17, 1.10514650599932E+00,-2.29067467013880E+01,-2.20241122220385E+01,-2.12956092944434E+01,-2.26681938276776E+01,-2.20777073514592E+01,-2.20777073514592E+01, 5.83952485372493E-01
  17, 1.19119050350306E+00,-2.40200951002608E+01,-2.29092873037380E+01,-2.22102691683242E+01,-2.36275940744259E+01,-2.31213116204024E+01,-2.31213116204024E+01, 5.09536517986662E-01
  17, 1.30344703838640E+00,-2.55639942366535E+01,-2.40863342991290E+01,-2.34358505282715E+01,-2.49543663234299E+01,-2.45256584490865E+01,-2.45256584490864E+01, 4.48181568700988E-01
  17, 1.45653857938074E+00,-2.77778393255699E+01,-2.57459804766996E+01,-2.51559752634326E+01,-2.68642483035223E+01,-2.65043115887267E+01,-2.65043115887266E+01, 3.99834420086761E-01
  17, 1.67478104814623E+00,-3.10713940731840E+01,-2.82082150767440E+01,-2.76832397610399E+01,-2.97217720415562E+01,-2.94202521607541E+01,-2.94202521607540E+01,-3.61595207622934E-01
  17, 2.00000000000000E+00,-3.61605118138696E+01,-3.20265401617860E+01,-3.15643905963696E+01,-3.41605080643092E+01,-3.39065239628723E+01,-3.39065239628720E+01,-3.30881469283108E-01
  18, 0.00000000000000E+00,-1.80000000000000E+01,-1.40000000000000E+01,-1.40000000000000E+01,-1.80000000000000E+01,-1.40000000000000E+01,-1.40000000000000E+01,-1.00000000000000E+00
  18, 2.18242468765491E-01,-1.82149797729562E+01,-1.50710306013078E+01,-1.50063956052198E+01,-1.82149797729558E+01,-1.50546327214651E+01,-1.50546327214650E+01,-9.93918389792581E-01
  18, 3.71334009759827E-01,-1.86260427683185E+01,-1.60757369881671E+01,-1.59441637850434E+01,-1.86260427637444E+01,-1.60420468632481E+01,-1.60420468632480E+01, 9.81624528046318E-01
  18, 4.83590544643172E-01,-1.90687434017957E+01,-1.69469615861613E+01,-1.67488744616262E+01,-1.90687428983581E+01,-1.68957364902525E+01,-1.68957364902524E+01, 9.67249536511088E-01
  18, 5.69634542146905E-01,-1.94925592225146E+01,-1.76924592936118E+01,-1.74300161735896E+01,-1.94925501520347E+01,-1.76240082222857E+01,-1.76240082222857E+01, 9.52148076406754E-01
  18, 6.38575614518591E-01,-1.98875311080007E+01,-1.83381808786055E+01,-1.80142506835815E+01,-1.98874641944786E+01,-1.82532445222821E+01,-1.82532445222819E+01,-9.36613684600568E-01
  18, 6.96316574356964E-01,-2.02581580690225E+01,-1.89112751504646E+01,-1.85286842489029E+01,-2.02578588837337E+01,-1.88109453013698E+01,-1.88109453013698E+01,-9.20430806043004E-01
  18, 7.46868589480215E-01,-2.06141079425823E+01,-1.94358466123208E+01,-1.89969727124906E+01,-2.06131180126408E+01,-1.93215937434466E+01,-1.93215937434465E+01,-9.03030868848717E-01
  18, 7.93132405742996E-01,-2.09673291204138E+01,-1.99327808838751E+01,-1.94394840958476E+01,-2.09646139607186E+01,-1.98066807472838E+01,-1.98066807472838E+01,-8.83443421472894E-01
  18, 8.37390524073114E-01,-2.13318811180361E+01,-2.04207453082240E+01,-1.98746746429141E+01,-2.13252630382700E+01,-2.02860594999374E+01,-2.02860594999373E+01,-8.60057859449325E-01
  18, 8.81648642403232E-01,-2.17253172418708E+01,-2.09174014867707E+01,-2.03208713122483E+01,-2.17103369088197E+01,-2.07798132315128E+01,-2.07798132315128E+01,-8.30142591493551E-01
  18, 9.27912458666013E-01,-2.21714980785286E+01,-2.14405724831275E+01,-2.07984043810201E+01,-2.21392056344054E+01,-2.13105846425231E+01,-2.13105846425230E+01, 7.89241125502717E-01
  18, 9.78464473789263E-01,-2.27048915295142E+01,-2.20098355398461E+01,-2.13323902775393E+01,-2.26381970372725E+01,-2.19067045005093E+01,-2.19067045005093E+01,-7.31753396276581E-01
  18, 1.00000000000000E+00,-2.29474264913397E+01,-2.22501805493585E+01,-2.15635273399390E+01,-2.28601046055227E+01,-2.21655118948550E+01,-2.21655118948549E+01, 7.04087917344508E-01
  18, 1.03620543362764E+00,-2.33753053500274E+01,-2.26509252157918E+01,-2.19567796495857E+01,-2.32451625873747E+01,-2.26068203287610E+01,-2.26068203287610E+01, 6.56204914468453E-01
  18, 1.10514650599932E+00,-2.42517802330792E+01,-2.34066993604755E+01,-2.27207653468699E+01,-2.40168648438934E+01,-2.34672821645513E+01,-2.34672821645512E+01, 5.72746917956865E-01
  18, 1.19119050350306E+00,-2.54318217862030E+01,-2.43529517899035E+01,-2.36995207568913E+01,-2.50412309372108E+01,-2.45745443062711E+01,-2.45745443062711E+01, 4.96919819778783E-01
  18, 1.30344703838640E+00,-2.70673288410215E+01,-2.56157934674761E+01,-2.50128961303729E+01,-2.64584046609822E+01,-2.60667096235256E+01,-2.60667096235255E+01, 4.35957947256877E-01
  18, 1.45653857938074E+00,-2.94117288214295E+01,-2.74010228273932E+01,-2.68588541792602E+01,-2.84983098552806E+01,-2.81718588403301E+01,-2.81718588403301E+01, 3.88631876330218E-01
  18, 1.67478104814623E+00,-3.28991087542327E+01,-3.00531520782304E+01,-2.95744619989863E+01,-3.15495119634589E+01,-3.12775528301901E+01,-3.12775528301898E+01,-3.51413238459927E-01
  18, 2.00000000000000E+00,-3.82875996682168E+01,-3.41678540683988E+01,-3.37490995184528E+01,-3.62875978498630E+01,-3.60593882395647E+01,-3.60593882395646E+01,-3.21559273025413E-01
  19, 0.00000000000000E+00,-1.90000000000000E+01,-1.50000000000000E+01,-1.50000000000000E+01,-1.90000000000000E+01,-1.50000000000000E+01,-1.50000000000000E+01, 1.00000000000000E+00
  19, 2.18242468765491E-01,-1.92269230936758E+01,-1.60846998723903E+01,-1.60263910586891E+01,-1.92269230936758E+01,-1.60699278204562E+01,-1.60699278204561E+01, 9.93918389792580E-01
  19, 3.71334009759827E-01,-1.96608229205252E+01,-1.71141389556003E+01,-1.69950271071926E+01,-1.96608229188744E+01,-1.70837019718044E+01,-1.70837019718043E+01, 9.81624528046368E-01
  19, 4.83590544643172E-01,-2.01281178878040E+01,-1.80120089491590E+01,-1.78319205605242E+01,-2.01281176512475E+01,-1.79655496271915E+01,-1.79655496271915E+01, 9.67249536510599E-01
  19, 5.69634542146905E-01,-2.05754769015628E+01,-1.87832600722861E+01,-1.85435405837464E+01,-2.05754718827765E+01,-1.87208734331498E+01,-1.87208734331497E+01, 9.52148076248110E-01
  19, 6.38575614518591E-01,-2.09923793789950E+01,-1.94533081549521E+01,-1.91559645175764E+01,-2.09923378894829E+01,-1.93754484868365E+01,-1.93754484868364E+01,-9.36613676282031E-01
  19, 6.96316574356964E-01,-2.13835545342443E+01,-2.00495840758192E+01,-1.96966232822045E+01,-2.13833523382626E+01,-1.99570097161342E+01,-1.99570097161342E+01, 9.20430646564855E-01
  19, 7.46868589480215E-01,-2.17591727598409E+01,-2.05967742796517E+01,-2.01898236326234E+01,-2.17584555468567E+01,-2.04905883363284E+01,-2.04905883363284E+01, 9.03029206931308E-01
  19, 7.93132405742996E-01,-2.21317947012646E+01,-2.11164816575940E+01,-2.06567070472544E+01,-2.21297071013571E+01,-2.09983580767637E+01,-2.09983580767637E+01, 8.83431665519481E-01
  19, 8.37390524073114E-01,-2.25161934152680E+01,-2.16281963680321E+01,-2.11165863547591E+01,-2.25108263379611E+01,-2.15009582835818E+01,-2.15009582835818E+01, 8.59993577333333E-01
  19, 8.81648642403232E-01,-2.29308351812179E+01,-2.21505160616442E+01,-2.15887708970169E+01,-2.29180667139696E+01,-2.20194052253239E+01,-2.20194052253239E+01,-8.29851316247488E-01
  19, 9.27912458666013E-01,-2.34009411279341E+01,-2.27022835969422E+01,-2.20948005119282E+01,-2.33720833340758E+01,-2.25775227455504E+01,-2.25775227455504E+01,-7.88133120751638E-01
  19, 9.78464473789263E-01,-2.39632314928247E+01,-2.33040958276678E+01,-2.26613980913891E+01,-2.39009866944495E+01,-2.32052424096526E+01,-2.32052424096525E+01,-7.28403847360978E-01
  19, 1.00000000000000E+00,-2.42191311708821E+01,-2.35584964071034E+01,-2.29068718404294E+01,-2.41364105589954E+01,-2.34780321978726E+01,-2.34780321978726E+01,-6.99348289737671E-01
  19, 1.03620543362764E+00,-2.46709256452679E+01,-2.39830208092034E+01,-2.33247941190651E+01,-2.45451944246673E+01,-2.39435139908614E+01,-2.39435139908613E+01, 6.48956943682847E-01
  19, 1.10514650599932E+00,-2.55970358052677E+01,-2.47851116363397E+01,-2.41375954567762E+01,-2.53652366465212E+01,-2.48521609841530E+01,-2.48521609841530E+01,-5.62031793601948E-01
  19, 1.19119050350306E+00,-2.68437269637513E+01,-2.57926598460966E+01,-2.51803124716077E+01,-2.64546716665091E+01,-2.60230802344013E+01,-2.60230802344012E+01, 4.85060838223218E-01
  19, 1.30344703838640E+00,-2.85707545383099E+01,-2.71417143430469E+01,-2.65814336418381E+01,-2.79623500037949E+01,-2.76031616476889E+01,-2.76031616476888E+01, 4.24624613088905E-01
  19, 1.45653857938074E+00,-3.10456472893932E+01,-2.90530287107554E+01,-2.85533035929104E+01,-3.01323423478082E+01,-2.98350211753355E+01,-2.98350211753354E+01, 3.78307274338398E-01
  19, 1.67478104814623E+00,-3.47268287675263E+01,-3.18955375451970E+01,-3.14574953536242E+01,-3.33772465517349E+01,-3.31307911338260E+01,-3.31307911338259E+01,-3.42043844924552E-01
  19, 2.00000000000000E+00,-4.04146880206670E+01,-3.63070273016901E+01,-3.59260229684948E+01,-3.84146871373083E+01,-3.82085765025509E+01,-3.82085765025506E+01,-3.12982948263742E-01
