L,g,h,E_ground,long_mag,trans_mag
13,0.2,-1.0,-25.0933128078284,-0.995016493470246,-0.997764951061382
13,0.2,-0.8947368421052632,-23.7286730526176,-0.994448035793906,-0.997595955361275
13,0.2,-0.7894736842105263,-22.364367338548,-0.993776151971308,-0.997406175112823
13,0.2,-0.6842105263157895,-21.0004448330599,-0.99297396516721,-0.997191669466762
13,0.2,-0.5789473684210527,-19.6369656406127,-0.992005145146349,-0.996947296041819
13,0.2,-0.4736842105263158,-18.2740043217698,-0.990819515310638,-0.996666092941221
13,0.2,-0.368421052631579,-16.9116550219188,-0.989345966934243,-0.996338147357578
13,0.2,-0.26315789473684215,-15.5500392607232,-0.987480455514085,-0.995948322086699
13,0.2,-0.1578947368421053,-14.1893184410842,-0.985064254346822,-0.995471131072436
13,0.2,-0.052631578947368474,-12.8297156404547,-0.981840408275343,-0.994857327787175
13,0.2,0.05263157894736836,-12.8297156404547,0.981840408275347,0.994857327787175
13,0.2,0.1578947368421053,-14.1893184410842,0.985064254346808,0.995471131072437
13,0.2,0.26315789473684204,-15.5500392607232,0.987480455514089,0.995948322086699
13,0.2,0.36842105263157876,-16.9116550219188,0.989345966934243,0.996338147357574
13,0.2,0.4736842105263157,-18.2740043217697,0.990819515310627,0.996666092941213
13,0.2,0.5789473684210527,-19.6369656406127,0.992005145146348,0.996947296041822
13,0.2,0.6842105263157894,-21.0004448330599,0.99297396516721,0.99719166946676
13,0.2,0.7894736842105261,-22.364367338548,0.993776151971315,0.997406175112817
13,0.2,0.894736842105263,-23.7286730526176,0.994448035793915,0.997595955361283
13,0.2,1.0,-25.0933128078284,0.995016493470245,0.997764951061378
13,0.5,-1.0,-25.5824997684331,-0.96939033200698,-0.985637415704291
13,0.5,-0.8947368421052632,-24.2378186218689,-0.965921368887578,-0.984445297755787
13,0.5,-0.7894736842105263,-22.895290678732,-0.961816354409537,-0.983068083496212
13,0.5,-0.6842105263157895,-21.5552550535594,-0.956903406608859,-0.981453244888042
13,0.5,-0.5789473684210527,-20.218137195665,-0.950944095528973,-0.979522756918485
13,0.5,-0.4736842105263158,-18.8844837415891,-0.94359626086725,-0.977154119160436
13,0.5,-0.368421052631579,-17.5550195863185,-0.934346082974654,-0.974141145182359
13,0.5,-0.26315789473684215,-16.2307495914466,-0.922370586214012,-0.970103804093582
13,0.5,-0.1578947368421053,-14.9131639743783,-0.906213399145048,-0.964246496698646
13,0.5,-0.052631578947368474,-13.6047488949829,-0.882794818804577,-0.954520761496684
13,0.5,0.05263157894736836,-13.6047488949829,0.882794818804576,0.954520761496683
13,0.5,0.1578947368421053,-14.9131639743782,0.906213399145041,0.964246496698645
13,0.5,0.26315789473684204,-16.2307495914466,0.922370586214017,0.970103804093588
13,0.5,0.36842105263157876,-17.5550195863185,0.934346082974651,0.974141145182357
13,0.5,0.4736842105263157,-18.8844837415891,0.943596260867244,0.977154119160432
13,0.5,0.5789473684210527,-20.218137195665,0.950944095528965,0.979522756918482
13,0.5,0.6842105263157894,-21.5552550535594,0.956903406608858,0.981453244888039
13,0.5,0.7894736842105261,-22.895290678732,0.96181635440954,0.983068083496208
13,0.5,0.894736842105263,-24.2378186218689,0.965921368887576,0.984445297755784
13,0.5,1.0,-25.5824997684331,0.969390332006966,0.985637415704284
13,0.8,-1.0,-26.4874855263842,-0.924146332183019,-0.961655633040238
13,0.8,-0.8947368421052632,-25.1802436675071,-0.915672506411362,-0.958064529461841
13,0.8,-0.7894736842105263,-23.8787952268713,-0.905634044604574,-0.953782866002787
13,0.8,-0.6842105263157895,-22.5841523041945,-0.89358589417614,-0.94856597463722
13,0.8,-0.5789473684210527,-21.297635165484,-0.878889209838065,-0.942029982220859
13,0.8,-0.4736842105263158,-20.0210308073697,-0.860580467831416,-0.933535088589255
13,0.8,-0.368421052631579,-18.7568854878482,-0.837101914688523,-0.921926739544533
13,0.8,-0.26315789473684215,-17.5091161714686,-0.80565783773268,-0.904873365275108
13,0.8,-0.1578947368421053,-16.2845665013545,-0.760269190703904,-0.876735729106756
13,0.8,-0.052631578947368474,-15.0988194779261,-0.682307108085173,-0.81759415817979
13,0.8,0.05263157894736836,-15.0988194779261,0.682307108085174,0.817594158179792
13,0.8,0.1578947368421053,-16.2845665013544,0.760269190703895,0.876735729106747
13,0.8,0.26315789473684204,-17.5091161714686,0.805657837732683,0.904873365275108
13,0.8,0.36842105263157876,-18.7568854878482,0.837101914688514,0.921926739544532
13,0.8,0.4736842105263157,-20.0210308073697,0.860580467831412,0.933535088589255
13,0.8,0.5789473684210527,-21.2976351654841,0.878889209838072,0.942029982220858
13,0.8,0.6842105263157894,-22.5841523041945,0.893585894176142,0.948565974637225
13,0.8,0.7894736842105261,-23.8787952268713,0.90563404460458,0.953782866002783
13,0.8,0.894736842105263,-25.180243667507,0.915672506411359,0.958064529461837
13,0.8,1.0,-26.4874855263841,0.924146332183018,0.961655633040235
15,0.34,-0.4,-20.3961742479991,-0.970745965193408,-0.989263910654948
15,0.34,-0.35789473684210527,-19.7728866949622,-0.968874391526301,-0.988780190422516
15,0.34,-0.31578947368421056,-19.1499937326189,-0.966809476372079,-0.988249721702846
15,0.34,-0.2736842105263158,-18.5275292333944,-0.964521447557809,-0.987663461102702
15,0.34,-0.23157894736842108,-17.9055320023034,-0.961973807224877,-0.98700948919665
15,0.34,-0.18947368421052635,-17.2840469614912,-0.959121092713381,-0.986271715298103
15,0.34,-0.1473684210526316,-16.6631267867479,-0.955905542186829,-0.985427799641987
15,0.34,-0.10526315789473689,-16.0428342583409,-0.952251888610983,-0.984445660452877
15,0.34,-0.06315789473684214,-15.4232458138183,-0.948058713134522,-0.983277234207418
15,0.34,-0.02105263157894738,-14.8044573033429,-0.943182807196357,-0.981846354443861
15,0.34,0.021052631578947323,-14.804457303343,0.94318280719635,0.98184635444385
15,0.34,0.06315789473684208,-15.4232458138183,0.948058713134492,0.983277234207412
15,0.34,0.10526315789473684,-16.0428342583409,0.952251888610953,0.984445660452862
15,0.34,0.1473684210526316,-16.6631267867479,0.955905542186825,0.98542779964197
15,0.34,0.18947368421052624,-17.2840469614912,0.959121092713361,0.986271715298105
15,0.34,0.231578947368421,-17.9055320023034,0.96197380722485,0.987009489196631
15,0.34,0.27368421052631575,-18.5275292333943,0.964521447557802,0.987663461102678
15,0.34,0.3157894736842105,-19.1499937326189,0.966809476372076,0.988249721702824
15,0.34,0.35789473684210527,-19.7728866949622,0.968874391526284,0.988780190422518
15,0.34,0.4,-20.3961742479991,0.970745965193409,0.989263910654939
15,0.52,-0.4,-20.9282166851426,-0.932356828455059,-0.972841438756909
15,0.52,-0.35789473684210527,-20.3164694929743,-0.927948361179682,-0.971347635805275
15,0.52,-0.31578947368421056,-19.7057351215751,-0.92305251962525,-0.969661085225269
15,0.52,-0.2736842105263158,-19.0961152635533,-0.917582503810178,-0.967734907705952
15,0.52,-0.23157894736842108,-18.4877306433654,-0.911426832950893,-0.965504669763282
15,0.52,-0.18947368421052635,-17.8807272410802,-0.904438374425419,-0.962879063558812
15,0.52,-0.1473684210526316,-17.2752858135858,-0.896415995514486,-0.95972366239109
15,0.52,-0.10526315789473689,-16.6716374106361,-0.887071468047847,-0.955830440281709
15,0.52,-0.06315789473684214,-16.0700909695645,-0.875963161278884,-0.95085436432307
15,0.52,-0.02105263157894738,-15.4710892820811,-0.862340143903402,-0.944158858443223
15,0.52,0.021052631578947323,-15.4710892820811,0.862340143903404,0.944158858443226
15,0.52,0.06315789473684208,-16.0700909695645,0.875963161278883,0.950854364323067
15,0.52,0.10526315789473684,-16.6716374106361,0.887071468047844,0.955830440281711
15,0.52,0.1473684210526316,-17.2752858135857,0.896415995514485,0.959723662391089
15,0.52,0.18947368421052624,-17.8807272410802,0.904438374425425,0.962879063558814
15,0.52,0.231578947368421,-18.4877306433654,0.91142683295091,0.965504669763287
15,0.52,0.27368421052631575,-19.0961152635533,0.917582503810178,0.967734907705952
15,0.52,0.3157894736842105,-19.7057351215751,0.92305251962525,0.969661085225263
15,0.52,0.35789473684210527,-20.3164694929743,0.92794836117968,0.971347635805258
15,0.52,0.4,-20.9282166851426,0.932356828455066,0.972841438756915
15,0.77,-0.4,-22.0413163192718,-0.855625194982054,-0.932341644334032
15,0.77,-0.35789473684210527,-21.4551712468817,-0.845941488848392,-0.927603810352535
15,0.77,-0.31578947368421056,-20.8716803755098,-0.835062476904899,-0.922085755590566
15,0.77,-0.2736842105263158,-20.2911892402769,-0.82272506266875,-0.915560044295952
15,0.77,-0.23157894736842108,-19.7141341323291,-0.808566691203192,-0.907697381458008
15,0.77,-0.18947368421052635,-19.1410845275581,-0.792064520574342,-0.897998966452138
15,0.77,-0.1473684210526316,-18.5728179752068,-0.772416708989883,-0.885661930540973
15,0.77,-0.10526315789473689,-18.0104671539637,-0.748279844258059,-0.869276460240334
15,0.77,-0.06315789473684214,-17.4558595193314,-0.717064793676685,-0.846000476677763
15,0.77,-0.02105263157894738,-16.9125782285278,-0.672150055198424,-0.80824185147276
15,0.77,0.021052631578947323,-16.9125782285278,0.67215005519842,0.808241851472769
15,0.77,0.06315789473684208,-17.4558595193313,0.717064793676687,0.846000476677765
15,0.77,0.10526315789473684,-18.0104671539637,0.748279844258069,0.869276460240335
15,0.77,0.1473684210526316,-18.5728179752068,0.772416708989874,0.885661930540967
15,0.77,0.18947368421052624,-19.1410845275581,0.792064520574347,0.897998966452145
15,0.77,0.231578947368421,-19.7141341323291,0.808566691203194,0.907697381458018
15,0.77,0.27368421052631575,-20.2911892402769,0.822725062668749,0.915560044295948
15,0.77,0.3157894736842105,-20.8716803755098,0.835062476904908,0.922085755590556
15,0.77,0.35789473684210527,-21.4551712468817,0.845941488848393,0.92760381035253
15,0.77,0.4,-22.0413163192717,0.855625194982044,0.932341644334025
15,0.05,-0.01,-14.1605615896387,-0.998773929874705,-0.999688661792354
15,0.05,-0.008947368421052631,-14.1447789438743,-0.998771363410233,-0.999688326012353
15,0.05,-0.007894736842105263,-14.1289963080022,-0.998768788842207,-0.999687989636031
15,0.05,-0.006842105263157895,-14.1132136820469,-0.998766206136188,-0.999687652661473
15,0.05,-0.005789473684210527,-14.0974310660326,-0.998763615257515,-0.999687315086841
15,0.05,-0.004736842105263158,-14.0816484599841,-0.998761016171352,-0.999686976910195
15,0.05,-0.00368421052631579,-14.0658658639256,-0.998758408842638,-0.999686638129661
15,0.05,-0.0026315789473684214,-14.0500832778823,-0.998755793236189,-0.999686298743303
15,0.05,-0.001578947368421053,-14.0343007018785,-0.998753169316533,-0.999685958749191
15,0.05,-0.0005263157894736855,-14.0185181359394,-0.998750537048088,-0.999685618145358
15,0.05,0.0005263157894736838,-14.0185181359395,0.998750537048118,0.99968561814539
15,0.05,0.001578947368421053,-14.0343007018785,0.998753169316541,0.999685958749194
15,0.05,0.0026315789473684206,-14.0500832778821,0.998755793236193,0.999686298743315
15,0.05,0.003684210526315788,-14.0658658639256,0.998758408842653,0.999686638129668
15,0.05,0.004736842105263157,-14.081648459984,0.998761016171358,0.999686976910207
15,0.05,0.005789473684210527,-14.0974310660326,0.998763615257514,0.999687315086829
15,0.05,0.006842105263157894,-14.1132136820468,0.99876620613618,0.999687652661468
15,0.05,0.007894736842105262,-14.1289963080023,0.998768788842198,0.999687989636018
15,0.05,0.00894736842105263,-14.1447789438744,0.998771363410226,0.999688326012361
15,0.05,0.01,-14.1605615896388,0.998773929874734,0.99968866179237
15,0.15,-0.01,-14.2451821142346,-0.988914473145515,-0.997057432441585
15,0.15,-0.008947368421052631,-14.2294547806132,-0.988890764150702,-0.997053565166635
15,0.15,-0.007894736842105263,-14.2137275402669,-0.988866975851345,-0.997049685956818
15,0.15,-0.006842105263157895,-14.1980003934476,-0.988843107864237,-0.997045794730397
15,0.15,-0.005789473684210527,-14.1822733404089,-0.988819159803682,-0.997041891404636
15,0.15,-0.004736842105263158,-14.1665463814053,-0.988795131281257,-0.99703797589605
15,0.15,-0.00368421052631579,-14.1508195166928,-0.988771021905882,-0.997034048120033
15,0.15,-0.0026315789473684214,-14.135092746528,-0.988746831283707,-0.99703010799121
15,0.15,-0.001578947368421053,-14.1193660711693,-0.988722559018182,-0.99702615542311
15,0.15,-0.0005263157894736855,-14.1036394908756,-0.988698204709952,-0.997022190328337
15,0.15,0.0005263157894736838,-14.1036394908756,0.988698204709956,0.997022190328356
15,0.15,0.001578947368421053,-14.1193660711693,0.988722559018189,0.997026155423119
15,0.15,0.0026315789473684206,-14.135092746528,0.988746831283708,0.997030107991216
15,0.15,0.003684210526315788,-14.1508195166928,0.988771021905863,0.997034048120042
15,0.15,0.004736842105263157,-14.1665463814054,0.988795131281243,0.997037975896036
15,0.15,0.005789473684210527,-14.1822733404089,0.988819159803661,0.997041891404649
15,0.15,0.006842105263157894,-14.1980003934476,0.988843107864218,0.99704579473039
15,0.15,0.007894736842105262,-14.2137275402668,0.988866975851322,0.997049685956835
15,0.15,0.00894736842105263,-14.2294547806133,0.988890764150728,0.997053565166658
15,0.15,0.01,-14.2451821142345,0.988914473145507,0.997057432441578
15,0.25,-0.01,-14.4151158374129,-0.968916606669876,-0.991032547556763
15,0.25,-0.008947368421052631,-14.3995029744386,-0.96884712526114,-0.991016795060588
15,0.25,-0.007894736842105263,-14.3838903966745,-0.968777382949883,-0.99100096683676
15,0.25,-0.006842105263157895,-14.3682781050488,-0.968707378149043,-0.990985062172248
15,0.25,-0.005789473684210527,-14.3526661004956,-0.968637109255985,-0.990969080344098
15,0.25,-0.004736842105263158,-14.3370543839543,-0.968566574652221,-0.990953020619242
15,0.25,-0.00368421052631579,-14.3214429563711,-0.968495772703174,-0.990936882254381
15,0.25,-0.0026315789473684214,-14.3058318186978,-0.968424701757902,-0.990920664495658
15,0.25,-0.001578947368421053,-14.2902209718922,-0.968353360148958,-0.990904366578539
15,0.25,-0.0005263157894736855,-14.2746104169189,-0.968281746191927,-0.990887987727598
15,0.25,0.0005263157894736838,-14.2746104169189,0.968281746191932,0.990887987727573
15,0.25,0.001578947368421053,-14.2902209718923,0.968353360148966,0.990904366578517
15,0.25,0.0026315789473684206,-14.3058318186978,0.968424701757935,0.990920664495647
15,0.25,0.003684210526315788,-14.321442956371,0.968495772703183,0.990936882254372
15,0.25,0.004736842105263157,-14.3370543839543,0.968566574652237,0.99095302061924
15,0.25,0.005789473684210527,-14.3526661004955,0.968637109255997,0.990969080344071
15,0.25,0.006842105263157894,-14.3682781050489,0.968707378149056,0.990985062172229
15,0.25,0.007894736842105262,-14.3838903966746,0.968777382949893,0.991000966836752
15,0.25,0.00894736842105263,-14.3995029744386,0.968847125261155,0.991016795060584
15,0.25,0.01,-14.415115837413,0.968916606669888,0.991032547556761
15,0.35,-0.01,-14.6718036137758,-0.938184048362148,-0.980023028820185
15,0.35,-0.008947368421052631,-14.6563729894114,-0.938035938917639,-0.979975680006093
15,0.35,-0.007894736842105263,-14.6409430157037,-0.937887167087049,-0.979928020261432
15,0.35,-0.006842105263157895,-14.6255136954188,-0.937737727404322,-0.979880045872225
15,0.35,-0.005789473684210527,-14.6100850313488,-0.937587614324195,-0.979831753058131
15,0.35,-0.004736842105263158,-14.5946570263123,-0.937436822220431,-0.979783137970671
15,0.35,-0.00368421052631579,-14.5792296831542,-0.937285345383857,-0.97973419669141
15,0.35,-0.0026315789473684214,-14.563803004747,-0.937133178019778,-0.979684925229626
15,0.35,-0.001578947368421053,-14.548376993991,-0.93698031424264,-0.979635319516833
15,0.35,-0.0005263157894736855,-14.5329516538143,-0.936826747985689,-0.979585375312469
15,0.35,0.0005263157894736838,-14.5329516538143,0.936826747985683,0.979585375312458
15,0.35,0.001578947368421053,-14.548376993991,0.936980314242652,0.979635319516822
15,0.35,0.0026315789473684206,-14.5638030047471,0.937133178019768,0.979684925229619
15,0.35,0.003684210526315788,-14.5792296831543,0.937285345383861,0.979734196691408
15,0.35,0.004736842105263157,-14.5946570263123,0.937436822220439,0.979783137970656
15,0.35,0.005789473684210527,-14.6100850313488,0.937587614324183,0.979831753058116
15,0.35,0.006842105263157894,-14.6255136954187,0.937737727404307,0.979880045872217
15,0.35,0.007894736842105262,-14.6409430157037,0.937887167087047,0.979928020261426
15,0.35,0.00894736842105263,-14.6563729894114,0.938035938917636,0.979975680006096
15,0.35,0.01,-14.6718036137757,0.93818404836214,0.98002302882017
15,0.44999999999999996,-0.01,-15.0175582301612,-0.895714596591788,-0.961457345667638
15,0.44999999999999996,-0.008947368421052631,-15.0023932919829,-0.895438706423651,-0.96133622291948
15,0.44999999999999996,-0.007894736842105263,-14.9872296921348,-0.895161252122621,-0.961214064720594
15,0.44999999999999996,-0.006842105263157895,-14.9720674386489,-0.894882215137739,-0.961090855001487
15,0.44999999999999996,-0.005789473684210527,-14.956906539673,-0.894601576479561,-0.960966577262829
15,0.44999999999999996,-0.004736842105263158,-14.9417470034746,-0.89431931665134,-0.960841214502311
15,0.44999999999999996,-0.00368421052631579,-14.9265888384473,-0.894035415455897,-0.960714749007813
15,0.44999999999999996,-0.0026315789473684214,-14.9114320531224,-0.893749851216208,-0.960587161520143
15,0.44999999999999996,-0.001578947368421053,-14.8962766562204,-0.893462595458012,-0.960458425516322
15,0.44999999999999996,-0.0005263157894736855,-14.8811226572662,-0.893173477371454,-0.960328361467415
15,0.44999999999999996,0.0005263157894736838,-14.8811226572663,0.893173477371457,0.96032836146742
15,0.44999999999999996,0.001578947368421053,-14.8962766562203,0.893462595458013,0.960458425516312
15,0.44999999999999996,0.0026315789473684206,-14.9114320531224,0.893749851216197,0.960587161520151
15,0.44999999999999996,0.003684210526315788,-14.9265888384472,0.894035415455903,0.960714749007818
15,0.44999999999999996,0.004736842105263157,-14.9417470034747,0.894319316651346,0.960841214502315
15,0.44999999999999996,0.005789473684210527,-14.956906539673,0.894601576479567,0.960966577262836
15,0.44999999999999996,0.006842105263157894,-14.9720674386488,0.894882215137731,0.961090855001485
15,0.44999999999999996,0.007894736842105262,-14.9872296921348,0.895161252122607,0.96121406472059
15,0.44999999999999996,0.00894736842105263,-15.002393291983,0.895438706423649,0.961336222919478
15,0.44999999999999996,0.01,-15.0175582301611,0.895714596591777,0.96145734566762
15,0.5499999999999999,-0.01,-15.4557875704367,-0.8399315961994,-0.931495809842449
15,0.5499999999999999,-0.008947368421052631,-15.4409996004994,-0.839446388107273,-0.931214117531666
15,0.5499999999999999,-0.007894736842105263,-15.4262143389425,-0.83895742666397,-0.930929246696583
15,0.5499999999999999,-0.006842105263157895,-15.4114318109275,-0.838464633403632,-0.930641117224602
15,0.5499999999999999,-0.005789473684210527,-15.3966520424725,-0.837967916026418,-0.930349633727705
15,0.5499999999999999,-0.004736842105263158,-15.3818750608039,-0.837467151226422,-0.930054666450764
15,0.5499999999999999,-0.00368421052631579,-15.3671008952773,-0.836962129133756,-0.929755989495597
15,0.5499999999999999,-0.0026315789473684214,-15.3523295804445,-0.836452316090901,-0.929453017036646
15,0.5499999999999999,-0.001578947368421053,-15.3375611713009,-0.835935209921466,-0.929142974418269
15,0.5499999999999999,-0.0005263157894736855,-15.3227959411352,-0.835364303124794,-0.928774154113796
15,0.5499999999999999,0.0005263157894736838,-15.3227959411353,0.835364303124787,0.928774154113782
15,0.5499999999999999,0.001578947368421053,-15.3375611713008,0.835935209921459,0.929142974418261
15,0.5499999999999999,0.0026315789473684206,-15.3523295804445,0.836452316090896,0.929453017036645
15,0.5499999999999999,0.003684210526315788,-15.3671008952773,0.836962129133764,0.929755989495589
15,0.5499999999999999,0.004736842105263157,-15.3818750608041,0.837467151226429,0.930054666450779
15,0.5499999999999999,0.005789473684210527,-15.3966520424724,0.83796791602642,0.930349633727711
15,0.5499999999999999,0.006842105263157894,-15.4114318109276,0.838464633403635,0.930641117224606
15,0.5499999999999999,0.007894736842105262,-15.4262143389426,0.838957426663962,0.930929246696586
15,0.5499999999999999,0.00894736842105263,-15.4409996004994,0.839446388107276,0.931214117531664
15,0.5499999999999999,0.01,-15.4557875704366,0.839931596199391,0.931495809842444
15,0.65,-0.01,-15.9913828656935,-0.768361807779202,-0.88448844293623
15,0.65,-0.008947368421052631,-15.977135067408,-0.767513388031391,-0.883860275711676
15,0.65,-0.007894736842105263,-15.9628930960929,-0.766653620801091,-0.883220434432327
15,0.65,-0.006842105263157895,-15.9486570815368,-0.765781044357765,-0.882567242919283
15,0.65,-0.005789473684210527,-15.9344271884408,-0.764893006305626,-0.881897649384216
15,0.65,-0.004736842105263158,-15.9202036519072,-0.763983935397452,-0.881205229405011
15,0.65,-0.00368421052631579,-15.9059868734268,-0.763039728809976,-0.880473700054664
15,0.65,-0.0026315789473684214,-15.8917777466046,-0.762013764698658,-0.879649200795715
15,0.65,-0.001578947368421053,-15.8775792830851,-0.760660793488789,-0.878448343619537
15,0.65,-0.0005263157894736855,-15.8634175938567,-0.75434655029104,-0.871515936117555
15,0.65,0.0005263157894736838,-15.8634175938567,0.754346550291287,0.871515936117847
15,0.65,0.001578947368421053,-15.8775792830851,0.760660793488749,0.878448343619486
15,0.65,0.0026315789473684206,-15.8917777466047,0.762013764698645,0.879649200795714
15,0.65,0.003684210526315788,-15.9059868734269,0.763039728809965,0.880473700054679
15,0.65,0.004736842105263157,-15.9202036519072,0.763983935397458,0.881205229404998
15,0.65,0.005789473684210527,-15.9344271884408,0.764893006305632,0.881897649384217
15,0.65,0.006842105263157894,-15.9486570815368,0.765781044357763,0.882567242919294
15,0.65,0.007894736842105262,-15.9628930960929,0.766653620801081,0.883220434432326
15,0.65,0.00894736842105263,-15.977135067408,0.767513388031387,0.883860275711674
15,0.65,0.01,-15.9913828656935,0.76836180777921,0.884488442936237
15,0.75,-0.01,-16.6314437088081,-0.67661779833047,-0.811452320380948
15,0.75,-0.008947368421052631,-16.6180153713508,-0.67494236690778,-0.809887444519177
15,0.75,-0.007894736842105263,-16.6046045200032,-0.673165984436484,-0.808202812004534
15,0.75,-0.006842105263157895,-16.5912134316215,-0.67123837940417,-0.806337827735827
15,0.75,-0.005789473684210527,-16.5778458075376,-0.669061090333754,-0.804173790124004
15,0.75,-0.004736842105263158,-16.5645083226498,-0.666417711830845,-0.80144978239533
15,0.75,-0.00368421052631579,-16.5512147842509,-0.662750477335569,-0.797493278028223
15,0.75,-0.0026315789473684214,-16.5379999862669,-0.656231913576236,-0.790100749781722
15,0.75,-0.001578947368421053,-16.524985524441,-0.637802625570105,-0.768348482746576
15,0.75,-0.0005263157894736855,-16.5130249381931,-0.497935839446982,-0.600170070308847
15,0.75,0.0005263157894736838,-16.513024938193,0.49793583944879,0.60017007031102
15,0.75,0.001578947368421053,-16.5249855244411,0.63780262557014,0.768348482746624
15,0.75,0.0026315789473684206,-16.5379999862669,0.656231913576117,0.790100749781582
15,0.75,0.003684210526315788,-16.5512147842508,0.662750477335565,0.797493278028234
15,0.75,0.004736842105263157,-16.5645083226498,0.666417711830831,0.801449782395333
15,0.75,0.005789473684210527,-16.5778458075375,0.669061090333764,0.804173790124018
15,0.75,0.006842105263157894,-16.5912134316215,0.671238379404177,0.806337827735822
15,0.75,0.007894736842105262,-16.6046045200033,0.673165984436491,0.808202812004536
15,0.75,0.00894736842105263,-16.6180153713508,0.674942366907777,0.809887444519177
15,0.75,0.01,-16.6314437088083,0.676617798330458,0.811452320380956
15,0.85,-0.01,-17.3871897327906,-0.551006952593358,-0.690085333696712
15,0.85,-0.008947368421052631,-17.3752889801269,-0.545390584252535,-0.683556811802342
15,0.85,-0.007894736842105263,-17.3634977832729,-0.538521561838696,-0.67544953523871
15,0.85,-0.006842105263157895,-17.351850676006,-0.529692437876096,-0.664870546187335
15,0.85,-0.005789473684210527,-17.3404036130385,-0.517610574002784,-0.6501882266881
15,0.85,-0.004736842105263158,-17.3292531842685,-0.499745710385975,-0.628208765158742
15,0.85,-0.00368421052631579,-17.3185789342023,-0.470757290268803,-0.592191039278808
15,0.85,-0.0026315789473684214,-17.3087424935057,-0.418616725132086,-0.526951923568376
15,0.85,-0.001578947368421053,-17.3005170499659,-0.316702850818979,-0.398888710834643
15,0.85,-0.0005263157894736855,-17.295450619275,-0.125968933665258,-0.15871421634136
15,0.85,0.0005263157894736838,-17.295450619275,0.12596893366516,0.158714216341238
15,0.85,0.001578947368421053,-17.3005170499659,0.316702850818952,0.398888710834602
15,0.85,0.0026315789473684206,-17.3087424935056,0.418616725131997,0.526951923568275
15,0.85,0.003684210526315788,-17.3185789342024,0.470757290268655,0.59219103927862
15,0.85,0.004736842105263157,-17.3292531842685,0.499745710385979,0.628208765158744
15,0.85,0.005789473684210527,-17.3404036130385,0.51761057400284,0.650188226688173
15,0.85,0.006842105263157894,-17.3518506760059,0.529692437876114,0.66487054618736
15,0.85,0.007894736842105262,-17.3634977832729,0.538521561838689,0.675449535238702
15,0.85,0.00894736842105263,-17.3752889801268,0.54539058425255,0.683556811802362
15,0.85,0.01,-17.3871897327907,0.551006952593375,0.690085333696734
15,0.95,-0.01,-18.2778340143979,-0.359658990485179,-0.469939902313904
15,0.95,-0.008947368421052631,-18.2693933754216,-0.342785730420308,-0.448252379620705
15,0.95,-0.007894736842105263,-18.2613735258518,-0.322747508567765,-0.422376194480819
15,0.95,-0.006842105263157895,-18.2538631800914,-0.298748707395803,-0.391257781193542
15,0.95,-0.005789473684210527,-18.24697274111,-0.269864612032829,-0.353672606245671
15,0.95,-0.004736842105263158,-18.2408367129265,-0.235122188263543,-0.308332118198136
15,0.95,-0.00368421052631579,-18.2356128007166,-0.193691550138411,-0.254137261717236
15,0.95,-0.0026315789473684214,-18.2314744135525,-0.145222118836978,-0.190623579708783
15,0.95,-0.001578947368421053,-18.2285932542138,-0.0902774193629131,-0.118536927412102
15,0.95,-0.0005263157894736855,-18.2271117167238,-0.0306640523414774,-0.0402690716769379
15,0.95,0.0005263157894736838,-18.2271117167238,0.030664052341465,0.0402690716769235
15,0.95,0.001578947368421053,-18.2285932542137,0.0902774193628833,0.11853692741206
15,0.95,0.0026315789473684206,-18.2314744135524,0.145222118836997,0.190623579708807
15,0.95,0.003684210526315788,-18.2356128007166,0.19369155013844,0.254137261717275
15,0.95,0.004736842105263157,-18.2408367129264,0.235122188263572,0.308332118198179
15,0.95,0.005789473684210527,-18.2469727411101,0.269864612032827,0.353672606245668
15,0.95,0.006842105263157894,-18.2538631800914,0.298748707395798,0.391257781193545
15,0.95,0.007894736842105262,-18.2613735258518,0.322747508567805,0.422376194480873
15,0.95,0.00894736842105263,-18.2693933754216,0.342785730420299,0.448252379620691
15,0.95,0.01,-18.2778340143979,0.359658990485194,0.469939902313929
